
15:19:54.534 > Starting app v0.4.55
15:19:54.539 > Initializing Sentry
15:19:54.773 > App ready
15:19:54.773 > Queueing event desktop:app_ready with properties null
15:19:54.776 > Getting config: hasGeneratedSuccessfully
15:19:54.777 > Getting config: windowStyle
15:19:54.777 > Getting config: installState
15:19:55.800 > Getting config: installState
15:19:55.800 > Getting config: basePath
15:19:55.802 > Getting config: selectedDevice
15:19:55.803 > Using uv at C:\Users\vitensenteret_ml3\AppData\Local\Programs\@comfyorgcomfyui-electron\resources\uv\win\uv.exe
15:19:55.803 > Install state: installed
15:19:55.804 > Validating installation. Recorded state: [installed]
15:19:55.804 > Getting config: basePath
15:19:55.806 > Running direct process command: pip install --dry-run -r C:\Users\vitensenteret_ml3\AppData\Local\Programs\@comfyorgcomfyui-electron\resources\ComfyUI\requirements.txt
15:19:55.807 > Running command: C:\Users\vitensenteret_ml3\AppData\Local\Programs\@comfyorgcomfyui-electron\resources\uv\win\uv.exe pip install --dry-run -r C:\Users\vitensenteret_ml3\AppData\Local\Programs\@comfyorgcomfyui-electron\resources\ComfyUI\requirements.txt in C:\AI Demos\ComfyUI
Audited 27 packages in 85ms
Would make no changes

15:19:55.980 > Running direct process command: pip install --dry-run -r C:\Users\vitensenteret_ml3\AppData\Local\Programs\@comfyorgcomfyui-electron\resources\ComfyUI\custom_nodes\ComfyUI-Manager\requirements.txt
15:19:55.980 > Running command: C:\Users\vitensenteret_ml3\AppData\Local\Programs\@comfyorgcomfyui-electron\resources\uv\win\uv.exe pip install --dry-run -r C:\Users\vitensenteret_ml3\AppData\Local\Programs\@comfyorgcomfyui-electron\resources\ComfyUI\custom_nodes\ComfyUI-Manager\requirements.txt in C:\AI Demos\ComfyUI
Audited 11 packages in 16ms
Would make no changes

15:19:56.073 > Validation result: isValid:true, state:installed {
inProgress: false,
installState: 'installed',
basePath: 'OK',
venvDirectory: 'OK',
pythonInterpreter: 'OK',
uv: 'OK',
pythonPackages: 'OK',
git: 'OK',
vcRedist: 'OK'
}
15:19:56.074 > Setting up GPU context
15:19:56.949 > Getting config: versionConsentedMetrics
15:19:56.950 > Initializing todesktop
15:19:56.958 > Server start
15:19:56.960 > Queueing event comfyui:server_start_start with properties null
15:19:56.968 > Running command: C:\AI Demos\ComfyUI\.venv\Scripts\python.exe C:\Users\vitensenteret_ml3\AppData\Local\Programs\@comfyorgcomfyui-electron\resources\ComfyUI\main.py --user-directory C:\AI Demos\ComfyUI\user --input-directory C:\AI Demos\ComfyUI\input --output-directory C:\AI Demos\ComfyUI\output --front-end-root C:\Users\vitensenteret_ml3\AppData\Local\Programs\@comfyorgcomfyui-electron\resources\ComfyUI\web_custom_versions\desktop_app --base-directory C:\AI Demos\ComfyUI --extra-model-paths-config C:\Users\vitensenteret_ml3\AppData\Roaming\ComfyUI\extra_models_config.yaml --log-stdout --listen 127.0.0.1 --port 8188 in C:\AI Demos\ComfyUI
15:19:56.996 > Received renderer-ready message!
15:19:56.996 > Sending queued message {
channel: 'validation-update',
data: {
inProgress: false,
installState: 'installed',
basePath: 'OK',
venvDirectory: 'OK',
pythonInterpreter: 'OK',
uv: 'OK',
pythonPackages: 'OK',
git: 'OK',
vcRedist: 'OK'
}
}
15:19:56.997 > Sending queued message {
channel: 'validation-update',
data: {
inProgress: false,
installState: 'installed',
basePath: 'OK',
venvDirectory: 'OK',
pythonInterpreter: 'OK',
uv: 'OK',
pythonPackages: 'OK',
git: 'OK',
vcRedist: 'OK'
}
}
15:19:56.997 > Sending queued message {
channel: 'validation-update',
data: {
inProgress: false,
installState: 'installed',
basePath: 'OK',
venvDirectory: 'OK',
pythonInterpreter: 'OK',
uv: 'OK',
pythonPackages: 'OK',
git: 'OK',
vcRedist: 'OK'
}
}
15:19:56.998 > Sending queued message {
channel: 'validation-update',
data: {
inProgress: false,
installState: 'installed',
basePath: 'OK',
venvDirectory: 'OK',
pythonInterpreter: 'OK',
uv: 'OK',
pythonPackages: 'OK',
git: 'OK',
vcRedist: 'OK'
}
}
15:19:56.998 > Sending queued message {
channel: 'validation-update',
data: {
inProgress: false,
installState: 'installed',
basePath: 'OK',
venvDirectory: 'OK',
pythonInterpreter: 'OK',
uv: 'OK',
pythonPackages: 'OK',
git: 'OK',
vcRedist: 'OK'
}
}
15:19:56.998 > Sending queued message {
channel: 'validation-update',
data: {
inProgress: false,
installState: 'installed',
basePath: 'OK',
venvDirectory: 'OK',
pythonInterpreter: 'OK',
uv: 'OK',
pythonPackages: 'OK',
git: 'OK',
vcRedist: 'OK'
}
}
15:19:56.999 > Sending queued message {
channel: 'validation-update',
data: {
inProgress: false,
installState: 'installed',
basePath: 'OK',
venvDirectory: 'OK',
pythonInterpreter: 'OK',
uv: 'OK',
pythonPackages: 'OK',
git: 'OK',
vcRedist: 'OK'
}
}
15:19:56.999 > Sending queued message {
channel: 'validation-update',
data: {
inProgress: false,
installState: 'installed',
basePath: 'OK',
venvDirectory: 'OK',
pythonInterpreter: 'OK',
uv: 'OK',
pythonPackages: 'OK',
git: 'OK',
vcRedist: 'OK'
}
}
15:19:57.000 > Sending queued message {
channel: 'validation-update',
data: {
inProgress: false,
installState: 'installed',
basePath: 'OK',
venvDirectory: 'OK',
pythonInterpreter: 'OK',
uv: 'OK',
pythonPackages: 'OK',
git: 'OK',
vcRedist: 'OK'
}
}
15:19:57.001 > Sending queued message { channel: 'loading-progress', data: { status: 'starting-server' } }
Adding extra search path custom_nodes C:\AI Demos\ComfyUI\custom_nodes
Adding extra search path download_model_base C:\AI Demos\ComfyUI\models
Adding extra search path custom_nodes C:\Users\vitensenteret_ml3\AppData\Local\Programs\@comfyorgcomfyui-electron\resources\ComfyUI\custom_nodes
Setting output directory to: C:\AI Demos\ComfyUI\output
Setting input directory to: C:\AI Demos\ComfyUI\input
Setting user directory to: C:\AI Demos\ComfyUI\user

15:19:57.119 > Adding extra search path custom_nodes C:\AI Demos\ComfyUI\custom_nodes
Adding extra search path download_model_base C:\AI Demos\ComfyUI\models
Adding extra search path custom_nodes C:\Users\vitensenteret_ml3\AppData\Local\Programs\@comfyorgcomfyui-electron\resources\ComfyUI\custom_nodes
Setting output directory to: C:\AI Demos\ComfyUI\output
Setting input directory to: C:\AI Demos\ComfyUI\input
Setting user directory to: C:\AI Demos\ComfyUI\user

[START] Security scan
[DONE] Security scan
## ComfyUI-Manager: installing dependencies done.
** ComfyUI startup time: 2025-07-14 15:19:58.866
** Platform: Windows
** Python version: 3.12.9 (main, Feb 12 2025, 14:52:31) [MSC v.1942 64 bit (AMD64)]
** Python executable:
15:19:58.869 > [START] Security scan
[DONE] Security scan
## ComfyUI-Manager: installing dependencies done.
** ComfyUI startup time: 2025-07-14 15:19:58.866
** Platform: Windows
** Python version: 3.12.9 (main, Feb 12 2025, 14:52:31) [MSC v.1942 64 bit (AMD64)]
** Python executable:
C:\AI Demos\ComfyUI\.venv\Scripts\python.exe
** ComfyUI Path: C:\Users\vitensenteret_ml3\AppData\Local\Programs\@comfyorgcomfyui-electron\resources\ComfyUI
** ComfyUI Base Folder Path: C:\Users\vitensenteret_ml3\AppData\Local\Programs\@comfyorgcomfyui-electron\resources\ComfyUI
** User directory: C:\AI Demos\ComfyUI\user
** ComfyUI-Manager config path: C:\AI Demos\ComfyUI\user\default\ComfyUI-Manager\config.ini
** Log path: C:\AI Demos\ComfyUI\user\comfyui.log

15:19:58.871 >  C:\AI Demos\ComfyUI\.venv\Scripts\python.exe
** ComfyUI Path: C:\Users\vitensenteret_ml3\AppData\Local\Programs\@comfyorgcomfyui-electron\resources\ComfyUI
** ComfyUI Base Folder Path: C:\Users\vitensenteret_ml3\AppData\Local\Programs\@comfyorgcomfyui-electron\resources\ComfyUI
** User directory: C:\AI Demos\ComfyUI\user
** ComfyUI-Manager config path: C:\AI Demos\ComfyUI\user\default\ComfyUI-Manager\config.ini
** Log path: C:\AI Demos\ComfyUI\user\comfyui.log

[ComfyUI-Manager] Failed to restore comfyui-frontend-package

15:19:59.998 > [ComfyUI-Manager] Failed to restore comfyui-frontend-package


Prestartup times for custom nodes:
2.9 seconds: C:\Users\vitensenteret_ml3\AppData\Local\Programs\@comfyorgcomfyui-electron\resources\ComfyUI\custom_nodes\ComfyUI-Manager


15:20:00.000 >
Prestartup times for custom nodes:
2.9 seconds: C:\Users\vitensenteret_ml3\AppData\Local\Programs\@comfyorgcomfyui-electron\resources\ComfyUI\custom_nodes\ComfyUI-Manager


expected str, bytes or os.PathLike object, not NoneType

15:20:00.000 > expected str, bytes or os.PathLike object, not NoneType

Checkpoint files will always be loaded safely.

15:20:01.696 > Checkpoint files will always be loaded safely.

Total VRAM 6144 MB, total RAM 16085 MB
pytorch version: 2.7.0+cu128

15:20:02.330 > Total VRAM 6144 MB, total RAM 16085 MB
pytorch version: 2.7.0+cu128

xformers version: 0.0.30

15:20:04.335 > xformers version: 0.0.30

Set vram state to: NORMAL_VRAM
Device: cuda:0 NVIDIA GeForce RTX 3050 6GB Laptop GPU : cudaMallocAsync

15:20:04.336 > Set vram state to: NORMAL_VRAM
Device: cuda:0 NVIDIA GeForce RTX 3050 6GB Laptop GPU : cudaMallocAsync

Using xformers attention

15:20:04.637 > Using xformers attention

Python version: 3.12.9 (main, Feb 12 2025, 14:52:31) [MSC v.1942 64 bit (AMD64)]
ComfyUI version: 0.3.44

15:20:06.298 > Python version: 3.12.9 (main, Feb 12 2025, 14:52:31) [MSC v.1942 64 bit (AMD64)]
ComfyUI version: 0.3.44

[Prompt Server] web root: C:\Users\vitensenteret_ml3\AppData\Local\Programs\@comfyorgcomfyui-electron\resources\ComfyUI\web_custom_versions\desktop_app

15:20:06.317 > [Prompt Server] web root: C:\Users\vitensenteret_ml3\AppData\Local\Programs\@comfyorgcomfyui-electron\resources\ComfyUI\web_custom_versions\desktop_app

Adding C:\AI Demos\ComfyUI\custom_nodes to sys.path
Adding
15:20:07.346 > Adding C:\AI Demos\ComfyUI\custom_nodes to sys.path
Adding
C:\Users\vitensenteret_ml3\AppData\Local\Programs\@comfyorgcomfyui-electron\resources\ComfyUI\custom_nodes to sys.path

15:20:07.348 > C:\Users\vitensenteret_ml3\AppData\Local\Programs\@comfyorgcomfyui-electron\resources\ComfyUI\custom_nodes to sys.path


[36mEfficiency Nodes:[0m Attempting to add Control Net options to the 'HiRes-Fix Script' Node (comfyui_controlnet_aux add-on)...[92mSuccess![0m

15:20:07.871 >
[36mEfficiency Nodes:[0m Attempting to add Control Net options to the 'HiRes-Fix Script' Node (comfyui_controlnet_aux add-on)...[92mSuccess![0m

Loaded Efficiency nodes from C:\AI Demos\ComfyUI\custom_nodes\efficiency-nodes-comfyui

15:20:07.875 > Loaded Efficiency nodes from C:\AI Demos\ComfyUI\custom_nodes\efficiency-nodes-comfyui

Loaded ControlNetPreprocessors nodes from C:\AI Demos\ComfyUI\custom_nodes\comfyui_controlnet_aux

15:20:07.882 > Loaded ControlNetPreprocessors nodes from C:\AI Demos\ComfyUI\custom_nodes\comfyui_controlnet_aux

Could not find AdvancedControlNet nodes
15:20:07.884 > Could not find AdvancedControlNet nodes


15:20:07.885 >

Could not find AnimateDiff nodes

15:20:07.887 > Could not find AnimateDiff nodes

Could not find IPAdapter nodes

15:20:07.888 > Could not find IPAdapter nodes

Could not find VideoHelperSuite nodes

15:20:07.898 > Could not find VideoHelperSuite nodes

Could not load ImpactPack nodes
15:20:07.900 > Could not load ImpactPack nodes
Could not find ImpactPack nodes

15:20:07.901 > Could not find ImpactPack nodes

Error importing BAGEL modules: No module named 'flash_attn'
Please ensure BAGEL model files are properly installed.

15:20:08.016 > Error importing BAGEL modules: No module named 'flash_attn'
Please ensure BAGEL model files are properly installed.

C:\AI Demos\ComfyUI\.venv\Lib\site-packages\cupy\_environment.py:215: UserWarning: CUDA path could not be detected. Set CUDA_PATH environment variable if CuPy fails to load.
warnings.warn(

15:20:08.167 > C:\AI Demos\ComfyUI\.venv\Lib\site-packages\cupy\_environment.py:215: UserWarning: CUDA path could not be detected. Set CUDA_PATH environment variable if CuPy fails to load.
warnings.warn(

Traceback (most recent call last):
File "C:\Users\vitensenteret_ml3\AppData\Local\Programs\@comfyorgcomfyui-electron\resources\ComfyUI\nodes.py", line 2124, in load_custom_node
module_spec.loader.exec_module(module)
File "<frozen importlib._bootstrap_external>", line 999, in exec_module
File "<frozen importlib._bootstrap>", line 488, in _call_with_frames_removed
File "C:\AI Demos\ComfyUI\custom_nodes\comfyui-dev-utils\__init__.py", line 4, in <module>
from .nodes.log_console import *
File "C:\AI Demos\ComfyUI\custom_nodes\comfyui-dev-utils\nodes\log_console.py", line 10, in <module>
from aiohttp_sse import sse_response, EventSourceResponse
ModuleNotFoundError: No module named 'aiohttp_sse'


15:20:08.855 > Traceback (most recent call last):
File "C:\Users\vitensenteret_ml3\AppData\Local\Programs\@comfyorgcomfyui-electron\resources\ComfyUI\nodes.py", line 2124, in load_custom_node
module_spec.loader.exec_module(module)
File "<frozen importlib._bootstrap_external>", line 999, in exec_module
File "<frozen importlib._bootstrap>", line 488, in _call_with_frames_removed
File "C:\AI Demos\ComfyUI\custom_nodes\comfyui-dev-utils\__init__.py", line 4, in <module>
from .nodes.log_console import *
File "C:\AI Demos\ComfyUI\custom_nodes\comfyui-dev-utils\nodes\log_console.py", line 10, in <module>
from aiohttp_sse import sse_response, EventSourceResponse
ModuleNotFoundError: No module named 'aiohttp_sse'


Cannot import C:\AI Demos\ComfyUI\custom_nodes\comfyui-dev-utils module for custom nodes: No module named 'aiohttp_sse'

15:20:08.856 > Cannot import C:\AI Demos\ComfyUI\custom_nodes\comfyui-dev-utils module for custom nodes: No module named 'aiohttp_sse'

ComfyUI-GGUF: Partial torch compile only, consider updating pytorch

15:20:08.878 > ComfyUI-GGUF: Partial torch compile only, consider updating pytorch

False

===================================BUG REPORT===================================

15:20:08.984 > False

===================================BUG REPORT===================================

C:\AI Demos\ComfyUI\.venv\Lib\site-packages\bitsandbytes\cuda_setup\main.py:166: UserWarning: Welcome to bitsandbytes. For bug reports, please run

python -m bitsandbytes


warn(msg)

15:20:08.991 > C:\AI Demos\ComfyUI\.venv\Lib\site-packages\bitsandbytes\cuda_setup\main.py:166: UserWarning: Welcome to bitsandbytes. For bug reports, please run

python -m bitsandbytes


warn(msg)

================================================================================
CUDA_SETUP: WARNING! libcudart.so not found in any environmental path. Searching in backup paths...
The following directories listed in your path were found to be non-existent: {WindowsPath('/usr/local/cuda/lib64')}
DEBUG: Possible options found for libcudart.so: set()
CUDA SETUP: PyTorch settings found: CUDA_VERSION=128, Highest Compute Capability: 8.6.
CUDA SETUP: To manually override the PyTorch CUDA version please see:https://github.com/TimDettmers/bitsandbytes/blob/main/how_to_use_nonpytorch_cuda.md
CUDA SETUP: Required library version not found: libbitsandbytes_cuda128.so. Maybe you need to compile it from source?
CUDA SETUP: Defaulting to libbitsandbytes_cpu.so...

================================================ERROR=====================================
CUDA SETUP: CUDA detection failed! Possible reasons:
1. You need to manually override the PyTorch CUDA version. Please see: "https://github.com/TimDettmers/bitsandbytes/blob/main/how_to_use_nonpytorch_cuda.md
2. CUDA driver not installed
3. CUDA not installed
4. You have multiple conflicting CUDA libraries
5. Required library not pre-compiled for this bitsandbytes release!
CUDA SETUP: If you compiled from source, try again with `make CUDA_VERSION=DETECTED_CUDA_VERSION` for example, `make CUDA_VERSION=113`.
CUDA SETUP: The CUDA version for the compile might depend on your conda install. Inspect CUDA version via `conda list | grep cuda`.
================================================================================

CUDA SETUP: Problem: The main issue seems to be that the main CUDA runtime library was not detected.
CUDA SETUP: Solution 1: To solve the issue the libcudart.so location needs to be added to the LD_LIBRARY_PATH variable
CUDA SETUP: Solution 1a): Find the cuda runtime library via: find / -name libcudart.so 2>/dev/null
CUDA SETUP: Solution 1b): Once the library is found add it to the LD_LIBRARY_PATH: export LD_LIBRARY_PATH=$LD_LIBRARY_PATH:FOUND_PATH_FROM_1a
CUDA SETUP: Solution 1c): For a permanent solution add the export from 1b into your .bashrc file, located at ~/.bashrc
CUDA SETUP: Solution 2: If no library was found in step 1a) you need to install CUDA.
CUDA SETUP: Solution 2a): Download CUDA install script: wget https://github.com/TimDettmers/bitsandbytes/blob/main/cuda_install.sh
CUDA SETUP: Solution 2b): Install desired CUDA version to desired location. The syntax is bash cuda_install.sh CUDA_VERSION PATH_TO_INSTALL_INTO.
CUDA SETUP: Solution 2b): For example, "bash cuda_install.sh 113 ~/local/" will download CUDA 11.3 and install into the folder ~/local
CUDA SETUP: Setup Failed!

15:20:08.991 > ================================================================================
CUDA_SETUP: WARNING! libcudart.so not found in any environmental path. Searching in backup paths...
The following directories listed in your path were found to be non-existent: {WindowsPath('/usr/local/cuda/lib64')}
DEBUG: Possible options found for libcudart.so: set()
CUDA SETUP: PyTorch settings found: CUDA_VERSION=128, Highest Compute Capability: 8.6.
CUDA SETUP: To manually override the PyTorch CUDA version please see:https://github.com/TimDettmers/bitsandbytes/blob/main/how_to_use_nonpytorch_cuda.md
CUDA SETUP: Required library version not found: libbitsandbytes_cuda128.so. Maybe you need to compile it from source?
CUDA SETUP: Defaulting to libbitsandbytes_cpu.so...

================================================ERROR=====================================
CUDA SETUP: CUDA detection failed! Possible reasons:
1. You need to manually override the PyTorch CUDA version. Please see: "https://github.com/TimDettmers/bitsandbytes/blob/main/how_to_use_nonpytorch_cuda.md
2. CUDA driver not installed
3. CUDA not installed
4. You have multiple conflicting CUDA libraries
5. Required library not pre-compiled for this bitsandbytes release!
CUDA SETUP: If you compiled from source, try again with `make CUDA_VERSION=DETECTED_CUDA_VERSION` for example, `make CUDA_VERSION=113`.
CUDA SETUP: The CUDA version for the compile might depend on your conda install. Inspect CUDA version via `conda list | grep cuda`.
================================================================================

CUDA SETUP: Problem: The main issue seems to be that the main CUDA runtime library was not detected.
CUDA SETUP: Solution 1: To solve the issue the libcudart.so location needs to be added to the LD_LIBRARY_PATH variable
CUDA SETUP: Solution 1a): Find the cuda runtime library via: find / -name libcudart.so 2>/dev/null
CUDA SETUP: Solution 1b): Once the library is found add it to the LD_LIBRARY_PATH: export LD_LIBRARY_PATH=$LD_LIBRARY_PATH:FOUND_PATH_FROM_1a
CUDA SETUP: Solution 1c): For a permanent solution add the export from 1b into your .bashrc file, located at ~/.bashrc
CUDA SETUP: Solution 2: If no library was found in step 1a) you need to install CUDA.
CUDA SETUP: Solution 2a): Download CUDA install script: wget https://github.com/TimDettmers/bitsandbytes/blob/main/cuda_install.sh
CUDA SETUP: Solution 2b): Install desired CUDA version to desired location. The syntax is bash cuda_install.sh CUDA_VERSION PATH_TO_INSTALL_INTO.
CUDA SETUP: Solution 2b): For example, "bash cuda_install.sh 113 ~/local/" will download CUDA 11.3 and install into the folder ~/local
CUDA SETUP: Setup Failed!

Traceback (most recent call last):
File "C:\AI Demos\ComfyUI\.venv\Lib\site-packages\diffusers\utils\import_utils.py", line 820, in _get_module
return importlib.import_module("." + module_name, self.__name__)
^^^^^^^^^^^^^^^^^^^^^^^^^^^^^^^^^^^^^^^^^^^^^^^^^^^^^^^^^
File "C:\Users\vitensenteret_ml3\AppData\Roaming\uv\python\cpython-3.12.9-windows-x86_64-none\Lib\importlib\__init__.py", line 90, in import_module
return _bootstrap._gcd_import(name[level:], package, level)
^^^^^^^^^^^^^^^^^^^^^^^^^^^^^^^^^^^^^^^^^^^^^^^^^^^^
File "<frozen importlib._bootstrap>", line 1387, in _gcd_import
File "<frozen importlib._bootstrap>", line 1360, in _find_and_load
File "<frozen importlib._bootstrap>", line 1310, in _find_and_load_unlocked
File "<frozen importlib._bootstrap>", line 488, in _call_with_frames_removed
File "<frozen importlib._bootstrap>", line 1387, in _gcd_import
File "<frozen importlib._bootstrap>", line 1360, in _find_and_load
File "<frozen importlib._bootstrap>", line 1331, in _find_and_load_unlocked
File "<frozen importlib._bootstrap>", line 935, in _load_unlocked
File "<frozen importlib._bootstrap_external>", line 999, in exec_module
File "<frozen importlib._bootstrap>", line 488, in _call_with_frames_removed
File "C:\AI Demos\ComfyUI\.venv\Lib\site-packages\diffusers\models\unets\__init__.py", line 5, in <module>
from .unet_1d import UNet1DModel
File "C:\AI Demos\ComfyUI\.venv\Lib\site-packages\diffusers\models\unets\unet_1d.py", line 24, in <module>
from ..modeling_utils import ModelMixin
File "C:\AI Demos\ComfyUI\.venv\Lib\site-packages\diffusers\models\modeling_utils.py", line 40, in <module>
from ..quantizers import DiffusersAutoQuantizer, DiffusersQuantizer
File "C:\AI Demos\ComfyUI\.venv\Lib\site-packages\diffusers\quantizers\__init__.py", line 15, in <module>
from .auto import DiffusersAutoQuantizer
File "C:\AI Demos\ComfyUI\.venv\Lib\site-packages\diffusers\quantizers\auto.py", line 22, in <module>
from .bitsandbytes import BnB4BitDiffusersQuantizer, BnB8BitDiffusersQuantizer
File "C:\AI Demos\ComfyUI\.venv\Lib\site-packages\diffusers\quantizers\bitsandbytes\__init__.py", line 2, in <module>
from .utils import dequantize_and_replace, dequantize_bnb_weight, replace_with_bnb_linear
File "C:\AI Demos\ComfyUI\.venv\Lib\site-packages\diffusers\quantizers\bitsandbytes\utils.py", line 32, in <module>
import bitsandbytes as bnb
File "C:\AI Demos\ComfyUI\.venv\Lib\site-packages\bitsandbytes\__init__.py", line 6, in <module>
from . import cuda_setup, utils, research
File "C:\AI Demos\ComfyUI\.venv\Lib\site-packages\bitsandbytes\research\__init__.py", line 1, in <module>
from . import nn
File "C:\AI Demos\ComfyUI\.venv\Lib\site-packages\bitsandbytes\research\nn\__init__.py", line 1, in <module>
from .modules import LinearFP8Mixed, LinearFP8Global
File "C:\AI Demos\ComfyUI\.venv\Lib\site-packages\bitsandbytes\research\nn\modules.py", line 8, in <module>
from bitsandbytes.optim import GlobalOptimManager
File "C:\AI Demos\ComfyUI\.venv\Lib\site-packages\bitsandbytes\optim\__init__.py", line 6, in <module>
from bitsandbytes.cextension import COMPILED_WITH_CUDA
File "C:\AI Demos\ComfyUI\.venv\Lib\site-packages\bitsandbytes\cextension.py", line 20, in <module>
raise RuntimeError('''
RuntimeError:
CUDA Setup failed despite GPU being available. Please run the following command to get more information:

python -m bitsandbytes

Inspect the output of the command and see if you can locate CUDA libraries. You might need to add them
to your LD_LIBRARY_PATH. If you suspect a bug, please take the information from python -m bitsandbytes
and open an issue at: https://github.com/TimDettmers/bitsandbytes/issues

The above exception was the direct cause of the following exception:

Traceback (most recent call last):
File "C:\Users\vitensenteret_ml3\AppData\Local\Programs\@comfyorgcomfyui-electron\resources\ComfyUI\nodes.py", line 2124, in load_custom_node
module_spec.loader.exec_module(module)
File "<frozen importlib._bootstrap_external>", line 999, in exec_module
File "<frozen importlib._bootstrap>", line 488, in _call_with_frames_removed
File "C:\AI Demos\ComfyUI\custom_nodes\comfyui-marigold\__init__.py", line 1, in <module>
from .nodes import MarigoldDepthEstimation, MarigoldDepthEstimationVideo, ColorizeDepthmap, SaveImageOpenEXR, RemapDepth
File "C:\AI Demos\ComfyUI\custom_nodes\comfyui-marigold\nodes.py", line 8, in <module>
from .marigold.model.marigold_pipeline import MarigoldPipeline
File "C:\AI Demos\ComfyUI\custom_nodes\comfyui-marigold\marigold\model\marigold_pipeline.py", line 9, in <module>
from diffusers import (
File "<frozen importlib._bootstrap>", line 1412, in _handle_fromlist
File "C:\AI Demos\ComfyUI\.venv\Lib\site-packages\diffusers\utils\import_utils.py", line 811, in __getattr__
value = getattr(module, name)
^^^^^^^^^^^^^^^^^^^^^
File "C:\AI Demos\ComfyUI\.venv\Lib\site-packages\diffusers\utils\import_utils.py", line 810, in __getattr__
module = self._get_module(self._class_to_module[name])
^^^^^^^^^^^^^^^^^^^^^^^^^^^^^^^^^^^^^^^^^^^^^
File "C:\AI Demos\ComfyUI\.venv\Lib\site-packages\diffusers\utils\import_utils.py", line 822, in _get_module
raise RuntimeError(
RuntimeError: Failed to import diffusers.models.unets.unet_2d_condition because of the following error (look up to see its traceback):

CUDA Setup failed despite GPU being available. Please run the following command to get more information:

python -m bitsandbytes

Inspect the output of the command and see if you can locate CUDA libraries. You might need to add them
to your LD_LIBRARY_PATH. If you suspect a bug, please take the information from python -m bitsandbytes
and open an issue at: https://github.com/TimDettmers/bitsandbytes/issues


15:20:08.993 > Traceback (most recent call last):
File "C:\AI Demos\ComfyUI\.venv\Lib\site-packages\diffusers\utils\import_utils.py", line 820, in _get_module
return importlib.import_module("." + module_name, self.__name__)
^^^^^^^^^^^^^^^^^^^^^^^^^^^^^^^^^^^^^^^^^^^^^^^^^^^^^^^^^
File "C:\Users\vitensenteret_ml3\AppData\Roaming\uv\python\cpython-3.12.9-windows-x86_64-none\Lib\importlib\__init__.py", line 90, in import_module
return _bootstrap._gcd_import(name[level:], package, level)
^^^^^^^^^^^^^^^^^^^^^^^^^^^^^^^^^^^^^^^^^^^^^^^^^^^^
File "<frozen importlib._bootstrap>", line 1387, in _gcd_import
File "<frozen importlib._bootstrap>", line 1360, in _find_and_load
File "<frozen importlib._bootstrap>", line 1310, in _find_and_load_unlocked
File "<frozen importlib._bootstrap>", line 488, in _call_with_frames_removed
File "<frozen importlib._bootstrap>", line 1387, in _gcd_import
File "<frozen importlib._bootstrap>", line 1360, in _find_and_load
File "<frozen importlib._bootstrap>", line 1331, in _find_and_load_unlocked
File "<frozen importlib._bootstrap>", line 935, in _load_unlocked
File "<frozen importlib._bootstrap_external>", line 999, in exec_module
File "<frozen importlib._bootstrap>", line 488, in _call_with_frames_removed
File "C:\AI Demos\ComfyUI\.venv\Lib\site-packages\diffusers\models\unets\__init__.py", line 5, in <module>
from .unet_1d import UNet1DModel
File "C:\AI Demos\ComfyUI\.venv\Lib\site-packages\diffusers\models\unets\unet_1d.py", line 24, in <module>
from ..modeling_utils import ModelMixin
File "C:\AI Demos\ComfyUI\.venv\Lib\site-packages\diffusers\models\modeling_utils.py", line 40, in <module>
from ..quantizers import DiffusersAutoQuantizer, DiffusersQuantizer
File "C:\AI Demos\ComfyUI\.venv\Lib\site-packages\diffusers\quantizers\__init__.py", line 15, in <module>
from .auto import DiffusersAutoQuantizer
File "C:\AI Demos\ComfyUI\.venv\Lib\site-packages\diffusers\quantizers\auto.py", line 22, in <module>
from .bitsandbytes import BnB4BitDiffusersQuantizer, BnB8BitDiffusersQuantizer
File "C:\AI Demos\ComfyUI\.venv\Lib\site-packages\diffusers\quantizers\bitsandbytes\__init__.py", line 2, in <module>
from .utils import dequantize_and_replace, dequantize_bnb_weight, replace_with_bnb_linear
File "C:\AI Demos\ComfyUI\.venv\Lib\site-packages\diffusers\quantizers\bitsandbytes\utils.py", line 32, in <module>
import bitsandbytes as bnb
File "C:\AI Demos\ComfyUI\.venv\Lib\site-packages\bitsandbytes\__init__.py", line 6, in <module>
from . import cuda_setup, utils, research
File "C:\AI Demos\ComfyUI\.venv\Lib\site-packages\bitsandbytes\research\__init__.py", line 1, in <module>
from . import nn
File "C:\AI Demos\ComfyUI\.venv\Lib\site-packages\bitsandbytes\research\nn\__init__.py", line 1, in <module>
from .modules import LinearFP8Mixed, LinearFP8Global
File "C:\AI Demos\ComfyUI\.venv\Lib\site-packages\bitsandbytes\research\nn\modules.py", line 8, in <module>
from bitsandbytes.optim import GlobalOptimManager
File "C:\AI Demos\ComfyUI\.venv\Lib\site-packages\bitsandbytes\optim\__init__.py", line 6, in <module>
from bitsandbytes.cextension import COMPILED_WITH_CUDA
File "C:\AI Demos\ComfyUI\.venv\Lib\site-packages\bitsandbytes\cextension.py", line 20, in <module>
raise RuntimeError('''
RuntimeError:
CUDA Setup failed despite GPU being available. Please run the following command to get more information:

python -m bitsandbytes

Inspect the output of the command and see if you can locate CUDA libraries. You might need to add them
to your LD_LIBRARY_PATH. If you suspect a bug, please take the information from python -m bitsandbytes
and open an issue at: https://github.com/TimDettmers/bitsandbytes/issues

The above exception was the direct cause of the following exception:

Traceback (most recent call last):
File "C:\Users\vitensenteret_ml3\AppData\Local\Programs\@comfyorgcomfyui-electron\resources\ComfyUI\nodes.py", line 2124, in load_custom_node
module_spec.loader.exec_module(module)
File "<frozen importlib._bootstrap_external>", line 999, in exec_module
File "<frozen importlib._bootstrap>", line 488, in _call_with_frames_removed
File "C:\AI Demos\ComfyUI\custom_nodes\comfyui-marigold\__init__.py", line 1, in <module>
from .nodes import MarigoldDepthEstimation, MarigoldDepthEstimationVideo, ColorizeDepthmap, SaveImageOpenEXR, RemapDepth
File "C:\AI Demos\ComfyUI\custom_nodes\comfyui-marigold\nodes.py", line 8, in <module>
from .marigold.model.marigold_pipeline import MarigoldPipeline
File "C:\AI Demos\ComfyUI\custom_nodes\comfyui-marigold\marigold\model\marigold_pipeline.py", line 9, in <module>
from diffusers import (
File "<frozen importlib._bootstrap>", line 1412, in _handle_fromlist
File "C:\AI Demos\ComfyUI\.venv\Lib\site-packages\diffusers\utils\import_utils.py", line 811, in __getattr__
value = getattr(module, name)
^^^^^^^^^^^^^^^^^^^^^
File "C:\AI Demos\ComfyUI\.venv\Lib\site-packages\diffusers\utils\import_utils.py", line 810, in __getattr__
module = self._get_module(self._class_to_module[name])
^^^^^^^^^^^^^^^^^^^^^^^^^^^^^^^^^^^^^^^^^^^^^
File "C:\AI Demos\ComfyUI\.venv\Lib\site-packages\diffusers\utils\import_utils.py", line 822, in _get_module
raise RuntimeError(
RuntimeError: Failed to import diffusers.models.unets.unet_2d_condition because of the following error (look up to see its traceback):

CUDA Setup failed despite GPU being available. Please run the following command to get more information:

python -m bitsandbytes

Inspect the output of the command and see if you can locate CUDA libraries. You might need to add them
to your LD_LIBRARY_PATH. If you suspect a bug, please take the information from python -m bitsandbytes
and open an issue at: https://github.com/TimDettmers/bitsandbytes/issues


Cannot import C:\AI Demos\ComfyUI\custom_nodes\comfyui-marigold module for custom nodes: Failed to import diffusers.models.unets.unet_2d_condition because of the following error (look up to see its traceback):

CUDA Setup failed despite GPU being available. Please run the following command to get more information:

python -m bitsandbytes

Inspect the output of the command and see if you can locate CUDA libraries. You might need to add them
to your LD_LIBRARY_PATH. If you suspect a bug, please take the information from python -m bitsandbytes
and open an issue at: https://github.com/TimDettmers/bitsandbytes/issues

15:20:08.996 > Cannot import C:\AI Demos\ComfyUI\custom_nodes\comfyui-marigold module for custom nodes: Failed to import diffusers.models.unets.unet_2d_condition because of the following error (look up to see its traceback):

CUDA Setup failed despite GPU being available. Please run the following command to get more information:

python -m bitsandbytes

Inspect the output of the command and see if you can locate CUDA libraries. You might need to add them
to your LD_LIBRARY_PATH. If you suspect a bug, please take the information from python -m bitsandbytes
and open an issue at: https://github.com/TimDettmers/bitsandbytes/issues

Traceback (most recent call last):
File "C:\Users\vitensenteret_ml3\AppData\Local\Programs\@comfyorgcomfyui-electron\resources\ComfyUI\nodes.py", line 2124, in load_custom_node
module_spec.loader.exec_module(module)
File "<frozen importlib._bootstrap_external>", line 999, in exec_module
File "<frozen importlib._bootstrap>", line 488, in _call_with_frames_removed
File "C:\AI Demos\ComfyUI\custom_nodes\comfyui-profiler\__init__.py", line 19, in <module>
exist_recursive_execute = execution.recursive_execute
^^^^^^^^^^^^^^^^^^^^^^^^^^^
AttributeError: module 'execution' has no attribute 'recursive_execute'

Cannot import C:\AI Demos\ComfyUI\custom_nodes\comfyui-profiler module for custom nodes: module 'execution' has no attribute 'recursive_execute'

15:20:08.997 > Traceback (most recent call last):
File "C:\Users\vitensenteret_ml3\AppData\Local\Programs\@comfyorgcomfyui-electron\resources\ComfyUI\nodes.py", line 2124, in load_custom_node
module_spec.loader.exec_module(module)
File "<frozen importlib._bootstrap_external>", line 999, in exec_module
File "<frozen importlib._bootstrap>", line 488, in _call_with_frames_removed
File "C:\AI Demos\ComfyUI\custom_nodes\comfyui-profiler\__init__.py", line 19, in <module>
exist_recursive_execute = execution.recursive_execute
^^^^^^^^^^^^^^^^^^^^^^^^^^^
AttributeError: module 'execution' has no attribute 'recursive_execute'

Cannot import C:\AI Demos\ComfyUI\custom_nodes\comfyui-profiler module for custom nodes: module 'execution' has no attribute 'recursive_execute'


[0;33m[ReActor][0m - [38;5;173mSTATUS[0m - [0;32mRunning v0.6.1-b3 in ComfyUI[0m

15:20:09.592 >
[0;33m[ReActor][0m - [38;5;173mSTATUS[0m - [0;32mRunning v0.6.1-b3 in ComfyUI[0m

Torch version: 2.7.0+cu128

15:20:09.727 > Torch version: 2.7.0+cu128

[34m[ComfyUI-RMBG][0m v[93m2.5.0[0m | [93m27 nodes[0m [92mLoaded[0m

15:20:10.344 > [34m[ComfyUI-RMBG][0m v[93m2.5.0[0m | [93m27 nodes[0m [92mLoaded[0m


===================================BUG REPORT===================================
================================================================================
CUDA_SETUP: WARNING! libcudart.so not found in any environmental path. Searching in backup paths...
The following directories listed in your path were found to be non-existent: {WindowsPath('/usr/local/cuda/lib64')}
DEBUG: Possible options found for libcudart.so: set()
15:20:10.358 >
===================================BUG REPORT===================================
================================================================================
CUDA_SETUP: WARNING! libcudart.so not found in any environmental path. Searching in backup paths...
The following directories listed in your path were found to be non-existent: {WindowsPath('/usr/local/cuda/lib64')}
DEBUG: Possible options found for libcudart.so: set()

CUDA SETUP: PyTorch settings found: CUDA_VERSION=128, Highest Compute Capability: 8.6.
CUDA SETUP: To manually override the PyTorch CUDA version please see:https://github.com/TimDettmers/bitsandbytes/blob/main/how_to_use_nonpytorch_cuda.md
CUDA SETUP: Required library version not found: libbitsandbytes_cuda128.so. Maybe you need to compile it from source?
CUDA SETUP: Defaulting to libbitsandbytes_cpu.so...

================================================ERROR=====================================
CUDA SETUP: CUDA detection failed! Possible reasons:
1. You need to manually override the PyTorch CUDA version. Please see: "https://github.com/TimDettmers/bitsandbytes/blob/main/how_to_use_nonpytorch_cuda.md
2. CUDA driver not installed
3. CUDA not installed
4. You have multiple conflicting CUDA libraries
5. Required library not pre-compiled for this bitsandbytes release!
CUDA SETUP: If you compiled from source, try again with `make CUDA_VERSION=DETECTED_CUDA_VERSION` for example, `make CUDA_VERSION=113`.
CUDA SETUP: The CUDA version for the compile might depend on your conda install. Inspect CUDA version via `conda list | grep cuda`.
================================================================================

CUDA SETUP: Problem: The main issue seems to be that the main CUDA runtime library was not detected.
CUDA SETUP: Solution 1: To solve the issue the libcudart.so location needs to be added to the LD_LIBRARY_PATH variable
CUDA SETUP: Solution 1a): Find the cuda runtime library via: find / -name libcudart.so 2>/dev/null
CUDA SETUP: Solution 1b): Once the library is found add it to the LD_LIBRARY_PATH: export LD_LIBRARY_PATH=$LD_LIBRARY_PATH:FOUND_PATH_FROM_1a
CUDA SETUP: Solution 1c): For a permanent solution add the export from 1b into your .bashrc file, located at ~/.bashrc
CUDA SETUP: Solution 2: If no library was found in step 1a) you need to install CUDA.
CUDA SETUP: Solution 2a): Download CUDA install script: wget https://github.com/TimDettmers/bitsandbytes/blob/main/cuda_install.sh
CUDA SETUP: Solution 2b): Install desired CUDA version to desired location. The syntax is bash cuda_install.sh CUDA_VERSION PATH_TO_INSTALL_INTO.
CUDA SETUP: Solution 2b): For example, "bash cuda_install.sh 113 ~/local/" will download CUDA 11.3 and install into the folder ~/local
CUDA SETUP: Setup Failed!

15:20:10.359 >
CUDA SETUP: PyTorch settings found: CUDA_VERSION=128, Highest Compute Capability: 8.6.
CUDA SETUP: To manually override the PyTorch CUDA version please see:https://github.com/TimDettmers/bitsandbytes/blob/main/how_to_use_nonpytorch_cuda.md
CUDA SETUP: Required library version not found: libbitsandbytes_cuda128.so. Maybe you need to compile it from source?
CUDA SETUP: Defaulting to libbitsandbytes_cpu.so...

================================================ERROR=====================================
CUDA SETUP: CUDA detection failed! Possible reasons:
1. You need to manually override the PyTorch CUDA version. Please see: "https://github.com/TimDettmers/bitsandbytes/blob/main/how_to_use_nonpytorch_cuda.md
2. CUDA driver not installed
3. CUDA not installed
4. You have multiple conflicting CUDA libraries
5. Required library not pre-compiled for this bitsandbytes release!
CUDA SETUP: If you compiled from source, try again with `make CUDA_VERSION=DETECTED_CUDA_VERSION` for example, `make CUDA_VERSION=113`.
CUDA SETUP: The CUDA version for the compile might depend on your conda install. Inspect CUDA version via `conda list | grep cuda`.
================================================================================

CUDA SETUP: Problem: The main issue seems to be that the main CUDA runtime library was not detected.
CUDA SETUP: Solution 1: To solve the issue the libcudart.so location needs to be added to the LD_LIBRARY_PATH variable
CUDA SETUP: Solution 1a): Find the cuda runtime library via: find / -name libcudart.so 2>/dev/null
CUDA SETUP: Solution 1b): Once the library is found add it to the LD_LIBRARY_PATH: export LD_LIBRARY_PATH=$LD_LIBRARY_PATH:FOUND_PATH_FROM_1a
CUDA SETUP: Solution 1c): For a permanent solution add the export from 1b into your .bashrc file, located at ~/.bashrc
CUDA SETUP: Solution 2: If no library was found in step 1a) you need to install CUDA.
CUDA SETUP: Solution 2a): Download CUDA install script: wget https://github.com/TimDettmers/bitsandbytes/blob/main/cuda_install.sh
CUDA SETUP: Solution 2b): Install desired CUDA version to desired location. The syntax is bash cuda_install.sh CUDA_VERSION PATH_TO_INSTALL_INTO.
CUDA SETUP: Solution 2b): For example, "bash cuda_install.sh 113 ~/local/" will download CUDA 11.3 and install into the folder ~/local
CUDA SETUP: Setup Failed!

Traceback (most recent call last):
File "C:\Users\vitensenteret_ml3\AppData\Local\Programs\@comfyorgcomfyui-electron\resources\ComfyUI\nodes.py", line 2124, in load_custom_node
module_spec.loader.exec_module(module)
File "<frozen importlib._bootstrap_external>", line 999, in exec_module
File "<frozen importlib._bootstrap>", line 488, in _call_with_frames_removed
File "C:\AI Demos\ComfyUI\custom_nodes\ComfyUI-TeaCache\__init__.py", line 2, in <module>
from .nodes_diffusers import NODE_CLASS_MAPPINGS as DIFFUSERS_NODE_CLASS, NODE_DISPLAY_NAME_MAPPINGS as DIFFUSERS_NODES_DISPLAY
File "C:\AI Demos\ComfyUI\custom_nodes\ComfyUI-TeaCache\nodes_diffusers.py", line 8, in <module>
from .models.cogvideox.custom_cogvideox_transformer_3d import CogVideoXTransformer3DModel
File "C:\AI Demos\ComfyUI\custom_nodes\ComfyUI-TeaCache\models\cogvideox\custom_cogvideox_transformer_3d.py", line 32, in <module>
from diffusers.models.modeling_utils import ModelMixin
File "C:\AI Demos\ComfyUI\.venv\Lib\site-packages\diffusers\models\modeling_utils.py", line 40, in <module>
from ..quantizers import DiffusersAutoQuantizer, DiffusersQuantizer
File "C:\AI Demos\ComfyUI\.venv\Lib\site-packages\diffusers\quantizers\__init__.py", line 15, in <module>
from .auto import DiffusersAutoQuantizer
File "C:\AI Demos\ComfyUI\.venv\Lib\site-packages\diffusers\quantizers\auto.py", line 22, in <module>
from .bitsandbytes import BnB4BitDiffusersQuantizer, BnB8BitDiffusersQuantizer
File "C:\AI Demos\ComfyUI\.venv\Lib\site-packages\diffusers\quantizers\bitsandbytes\__init__.py", line 2, in <module>
from .utils import dequantize_and_replace, dequantize_bnb_weight, replace_with_bnb_linear
File "C:\AI Demos\ComfyUI\.venv\Lib\site-packages\diffusers\quantizers\bitsandbytes\utils.py", line 32, in <module>
import bitsandbytes as bnb
File "C:\AI Demos\ComfyUI\.venv\Lib\site-packages\bitsandbytes\__init__.py", line 6, in <module>
from . import cuda_setup, utils, research
File "C:\AI Demos\ComfyUI\.venv\Lib\site-packages\bitsandbytes\research\__init__.py", line 1, in <module>
from . import nn
File "C:\AI Demos\ComfyUI\.venv\Lib\site-packages\bitsandbytes\research\nn\__init__.py", line 1, in <module>
from .modules import LinearFP8Mixed, LinearFP8Global
File "C:\AI Demos\ComfyUI\.venv\Lib\site-packages\bitsandbytes\research\nn\modules.py", line 8, in <module>
from bitsandbytes.optim import GlobalOptimManager
File "C:\AI Demos\ComfyUI\.venv\Lib\site-packages\bitsandbytes\optim\__init__.py", line 6, in <module>
from bitsandbytes.cextension import COMPILED_WITH_CUDA
File "C:\AI Demos\ComfyUI\.venv\Lib\site-packages\bitsandbytes\cextension.py", line 20, in <module>
raise RuntimeError('''
RuntimeError:
CUDA Setup failed despite GPU being available. Please run the following command to get more information:

python -m bitsandbytes

Inspect the output of the command and see if you can locate CUDA libraries. You might need to add them
to your LD_LIBRARY_PATH. If you suspect a bug, please take the information from python -m bitsandbytes
and open an issue at: https://github.com/TimDettmers/bitsandbytes/issues


15:20:10.361 > Traceback (most recent call last):
File "C:\Users\vitensenteret_ml3\AppData\Local\Programs\@comfyorgcomfyui-electron\resources\ComfyUI\nodes.py", line 2124, in load_custom_node
module_spec.loader.exec_module(module)
File "<frozen importlib._bootstrap_external>", line 999, in exec_module
File "<frozen importlib._bootstrap>", line 488, in _call_with_frames_removed
File "C:\AI Demos\ComfyUI\custom_nodes\ComfyUI-TeaCache\__init__.py", line 2, in <module>
from .nodes_diffusers import NODE_CLASS_MAPPINGS as DIFFUSERS_NODE_CLASS, NODE_DISPLAY_NAME_MAPPINGS as DIFFUSERS_NODES_DISPLAY
File "C:\AI Demos\ComfyUI\custom_nodes\ComfyUI-TeaCache\nodes_diffusers.py", line 8, in <module>
from .models.cogvideox.custom_cogvideox_transformer_3d import CogVideoXTransformer3DModel
File "C:\AI Demos\ComfyUI\custom_nodes\ComfyUI-TeaCache\models\cogvideox\custom_cogvideox_transformer_3d.py", line 32, in <module>
from diffusers.models.modeling_utils import ModelMixin
File "C:\AI Demos\ComfyUI\.venv\Lib\site-packages\diffusers\models\modeling_utils.py", line 40, in <module>
from ..quantizers import DiffusersAutoQuantizer, DiffusersQuantizer
File "C:\AI Demos\ComfyUI\.venv\Lib\site-packages\diffusers\quantizers\__init__.py", line 15, in <module>
from .auto import DiffusersAutoQuantizer
File "C:\AI Demos\ComfyUI\.venv\Lib\site-packages\diffusers\quantizers\auto.py", line 22, in <module>
from .bitsandbytes import BnB4BitDiffusersQuantizer, BnB8BitDiffusersQuantizer
File "C:\AI Demos\ComfyUI\.venv\Lib\site-packages\diffusers\quantizers\bitsandbytes\__init__.py", line 2, in <module>
from .utils import dequantize_and_replace, dequantize_bnb_weight, replace_with_bnb_linear
File "C:\AI Demos\ComfyUI\.venv\Lib\site-packages\diffusers\quantizers\bitsandbytes\utils.py", line 32, in <module>
import bitsandbytes as bnb
File "C:\AI Demos\ComfyUI\.venv\Lib\site-packages\bitsandbytes\__init__.py", line 6, in <module>
from . import cuda_setup, utils, research
File "C:\AI Demos\ComfyUI\.venv\Lib\site-packages\bitsandbytes\research\__init__.py", line 1, in <module>
from . import nn
File "C:\AI Demos\ComfyUI\.venv\Lib\site-packages\bitsandbytes\research\nn\__init__.py", line 1, in <module>
from .modules import LinearFP8Mixed, LinearFP8Global
File "C:\AI Demos\ComfyUI\.venv\Lib\site-packages\bitsandbytes\research\nn\modules.py", line 8, in <module>
from bitsandbytes.optim import GlobalOptimManager
File "C:\AI Demos\ComfyUI\.venv\Lib\site-packages\bitsandbytes\optim\__init__.py", line 6, in <module>
from bitsandbytes.cextension import COMPILED_WITH_CUDA
File "C:\AI Demos\ComfyUI\.venv\Lib\site-packages\bitsandbytes\cextension.py", line 20, in <module>
raise RuntimeError('''
RuntimeError:
CUDA Setup failed despite GPU being available. Please run the following command to get more information:

python -m bitsandbytes

Inspect the output of the command and see if you can locate CUDA libraries. You might need to add them
to your LD_LIBRARY_PATH. If you suspect a bug, please take the information from python -m bitsandbytes
and open an issue at: https://github.com/TimDettmers/bitsandbytes/issues


Cannot import C:\AI Demos\ComfyUI\custom_nodes\ComfyUI-TeaCache module for custom nodes:
CUDA Setup failed despite GPU being available. Please run the following command to get more information:

python -m bitsandbytes

Inspect the output of the command and see if you can locate CUDA libraries. You might need to add them
to your LD_LIBRARY_PATH. If you suspect a bug, please take the information from python -m bitsandbytes
and open an issue at: https://github.com/TimDettmers/bitsandbytes/issues

15:20:10.363 > Cannot import C:\AI Demos\ComfyUI\custom_nodes\ComfyUI-TeaCache module for custom nodes:
CUDA Setup failed despite GPU being available. Please run the following command to get more information:

python -m bitsandbytes

Inspect the output of the command and see if you can locate CUDA libraries. You might need to add them
to your LD_LIBRARY_PATH. If you suspect a bug, please take the information from python -m bitsandbytes
and open an issue at: https://github.com/TimDettmers/bitsandbytes/issues

ComfyUI found: C:\AI Demos\ComfyUI
'C:\AI Demos\ComfyUI' added to sys.path

15:20:10.462 > ComfyUI found: C:\AI Demos\ComfyUI
'C:\AI Demos\ComfyUI' added to sys.path

------------------------------------------
[34mComfyroll Studio v1.76 : [92m 175 Nodes Loaded[0m
------------------------------------------
** For changes, please see patch notes at https://github.com/Suzie1/ComfyUI_Comfyroll_CustomNodes/blob/main/Patch_Notes.md
** For help, please see the wiki at https://github.com/Suzie1/ComfyUI_Comfyroll_CustomNodes/wiki
------------------------------------------
15:20:10.510 > ------------------------------------------
[34mComfyroll Studio v1.76 : [92m 175 Nodes Loaded[0m
------------------------------------------
** For changes, please see patch notes at https://github.com/Suzie1/ComfyUI_Comfyroll_CustomNodes/blob/main/Patch_Notes.md
** For help, please see the wiki at https://github.com/Suzie1/ComfyUI_Comfyroll_CustomNodes/wiki
------------------------------------------


15:20:10.511 >

[36;20m[C:\AI Demos\ComfyUI\custom_nodes\comfyui_controlnet_aux] | INFO -> Using ckpts path: C:\AI Demos\ComfyUI\custom_nodes\comfyui_controlnet_aux\ckpts[0m

15:20:10.516 > [36;20m[C:\AI Demos\ComfyUI\custom_nodes\comfyui_controlnet_aux] | INFO -> Using ckpts path: C:\AI Demos\ComfyUI\custom_nodes\comfyui_controlnet_aux\ckpts[0m

[36;20m[C:\AI Demos\ComfyUI\custom_nodes\comfyui_controlnet_aux] | INFO -> Using symlinks: False[0m
[36;20m[C:\AI Demos\ComfyUI\custom_nodes\comfyui_controlnet_aux] | INFO -> Using ort providers: ['CUDAExecutionProvider', 'DirectMLExecutionProvider', 'OpenVINOExecutionProvider', 'ROCMExecutionProvider', 'CPUExecutionProvider', 'CoreMLExecutionProvider'][0m

15:20:10.518 > [36;20m[C:\AI Demos\ComfyUI\custom_nodes\comfyui_controlnet_aux] | INFO -> Using symlinks: False[0m
[36;20m[C:\AI Demos\ComfyUI\custom_nodes\comfyui_controlnet_aux] | INFO -> Using ort providers: ['CUDAExecutionProvider', 'DirectMLExecutionProvider', 'OpenVINOExecutionProvider', 'ROCMExecutionProvider', 'CPUExecutionProvider', 'CoreMLExecutionProvider'][0m


[36mEfficiency Nodes:[0m Attempting to add Control Net options to the 'HiRes-Fix Script' Node (comfyui_controlnet_aux add-on)...[92mSuccess![0m

15:20:10.563 >
[36mEfficiency Nodes:[0m Attempting to add Control Net options to the 'HiRes-Fix Script' Node (comfyui_controlnet_aux add-on)...[92mSuccess![0m

[34mWAS Node Suite: [0mOpenCV Python FFMPEG support is enabled[0m
[34mWAS Node Suite [93mWarning: [0m`ffmpeg_bin_path` is not set in `C:\AI Demos\ComfyUI\custom_nodes\was-ns\was_suite_config.json` config file. Will attempt to use system ffmpeg binaries if available.[0m

15:20:11.345 > [34mWAS Node Suite: [0mOpenCV Python FFMPEG support is enabled[0m
[34mWAS Node Suite [93mWarning: [0m`ffmpeg_bin_path` is not set in `C:\AI Demos\ComfyUI\custom_nodes\was-ns\was_suite_config.json` config file. Will attempt to use system ffmpeg binaries if available.[0m

[34mWAS Node Suite: [0mFinished.[0m [32mLoaded[0m [0m220[0m [32mnodes successfully.[0m

[3m[93m"Art is the breath of life."[0m[3m - Liza Donnelly[0m


15:20:11.880 > [34mWAS Node Suite: [0mFinished.[0m [32mLoaded[0m [0m220[0m [32mnodes successfully.[0m

[3m[93m"Art is the breath of life."[0m[3m - Liza Donnelly[0m


### Loading: ComfyUI-Manager (V3.30.4)

15:20:11.909 > ### Loading: ComfyUI-Manager (V3.30.4)

[ComfyUI-Manager] network_mode: public
### ComfyUI Revision: UNKNOWN (The currently installed ComfyUI is not a Git repository)

15:20:11.910 > [ComfyUI-Manager] network_mode: public
### ComfyUI Revision: UNKNOWN (The currently installed ComfyUI is not a Git repository)


Import times for custom nodes:

15:20:11.938 >
Import times for custom nodes:

0.0 seconds: C:\AI Demos\ComfyUI\custom_nodes\comfyui_memory_cleanup
0.0 seconds: C:\Users\vitensenteret_ml3\AppData\Local\Programs\@comfyorgcomfyui-electron\resources\ComfyUI\custom_nodes\websocket_image_save.py
0.0 seconds (IMPORT FAILED): C:\AI Demos\ComfyUI\custom_nodes\comfyui-profiler
0.0 seconds: C:\AI Demos\ComfyUI\custom_nodes\comfyui-timer-nodes
0.0 seconds (IMPORT FAILED): C:\AI Demos\ComfyUI\custom_nodes\comfyui-dev-utils
0.0 seconds: C:\AI Demos\ComfyUI\custom_nodes\comfyui_ipadapter_plus
0.0 seconds: C:\AI Demos\ComfyUI\custom_nodes\efficiency-nodes-comfyui
0.0 seconds: C:\AI Demos\ComfyUI\custom_nodes\wavespeed
0.0 seconds: C:\AI Demos\ComfyUI\custom_nodes\ComfyUI-AutoCropFaces
0.0 seconds: C:\AI Demos\ComfyUI\custom_nodes\comfyui-custom-scripts
0.0 seconds (IMPORT FAILED): C:\AI Demos\ComfyUI\custom_nodes\ComfyUI-TeaCache
0.0 seconds: C:\AI Demos\ComfyUI\custom_nodes\comfyui-kjnodes
0.0 seconds: C:\AI Demos\ComfyUI\custom_nodes\gguf
0.0 seconds: C:\AI Demos\ComfyUI\custom_nodes\ComfyUI-GGUF
0.0 seconds: C:\AI Demos\ComfyUI\custom_nodes\comfyui_controlnet_aux
0.0 seconds: C:\Users\vitensenteret_ml3\AppData\Local\Programs\@comfyorgcomfyui-electron\resources\ComfyUI\custom_nodes\ComfyUI-Manager

15:20:11.939 >    0.0 seconds: C:\AI Demos\ComfyUI\custom_nodes\comfyui_memory_cleanup
0.0 seconds: C:\Users\vitensenteret_ml3\AppData\Local\Programs\@comfyorgcomfyui-electron\resources\ComfyUI\custom_nodes\websocket_image_save.py
0.0 seconds (IMPORT FAILED): C:\AI Demos\ComfyUI\custom_nodes\comfyui-profiler
0.0 seconds: C:\AI Demos\ComfyUI\custom_nodes\comfyui-timer-nodes
0.0 seconds (IMPORT FAILED): C:\AI Demos\ComfyUI\custom_nodes\comfyui-dev-utils
0.0 seconds: C:\AI Demos\ComfyUI\custom_nodes\comfyui_ipadapter_plus
0.0 seconds: C:\AI Demos\ComfyUI\custom_nodes\efficiency-nodes-comfyui
0.0 seconds: C:\AI Demos\ComfyUI\custom_nodes\wavespeed
0.0 seconds: C:\AI Demos\ComfyUI\custom_nodes\ComfyUI-AutoCropFaces
0.0 seconds: C:\AI Demos\ComfyUI\custom_nodes\comfyui-custom-scripts
0.0 seconds (IMPORT FAILED): C:\AI Demos\ComfyUI\custom_nodes\ComfyUI-TeaCache
0.0 seconds: C:\AI Demos\ComfyUI\custom_nodes\comfyui-kjnodes
0.0 seconds: C:\AI Demos\ComfyUI\custom_nodes\gguf
0.0 seconds: C:\AI Demos\ComfyUI\custom_nodes\ComfyUI-GGUF
0.0 seconds: C:\AI Demos\ComfyUI\custom_nodes\comfyui_controlnet_aux
0.0 seconds: C:\Users\vitensenteret_ml3\AppData\Local\Programs\@comfyorgcomfyui-electron\resources\ComfyUI\custom_nodes\ComfyUI-Manager

0.0 seconds: C:\AI Demos\ComfyUI\custom_nodes\ComfyUI_Comfyroll_CustomNodes
0.1 seconds (IMPORT FAILED): C:\AI Demos\ComfyUI\custom_nodes\comfyui-marigold
0.1 seconds: C:\AI Demos\ComfyUI\custom_nodes\comfyui-to-python-extension
0.4 seconds: C:\AI Demos\ComfyUI\custom_nodes\comfyui-rmbg
0.6 seconds: C:\AI Demos\ComfyUI\custom_nodes\comfyui-art-venture
0.9 seconds: C:\AI Demos\ComfyUI\custom_nodes\comfyui-bagel
1.0 seconds: C:\AI Demos\ComfyUI\custom_nodes\comfyui-reactor
1.3 seconds: C:\AI Demos\ComfyUI\custom_nodes\was-ns


15:20:11.941 >    0.0 seconds: C:\AI Demos\ComfyUI\custom_nodes\ComfyUI_Comfyroll_CustomNodes
0.1 seconds (IMPORT FAILED): C:\AI Demos\ComfyUI\custom_nodes\comfyui-marigold
0.1 seconds: C:\AI Demos\ComfyUI\custom_nodes\comfyui-to-python-extension
0.4 seconds: C:\AI Demos\ComfyUI\custom_nodes\comfyui-rmbg
0.6 seconds: C:\AI Demos\ComfyUI\custom_nodes\comfyui-art-venture
0.9 seconds: C:\AI Demos\ComfyUI\custom_nodes\comfyui-bagel
1.0 seconds: C:\AI Demos\ComfyUI\custom_nodes\comfyui-reactor
1.3 seconds: C:\AI Demos\ComfyUI\custom_nodes\was-ns


[ComfyUI-Manager] default cache updated: https://raw.githubusercontent.com/ltdrdata/ComfyUI-Manager/main/alter-list.json

15:20:12.181 > [ComfyUI-Manager] default cache updated: https://raw.githubusercontent.com/ltdrdata/ComfyUI-Manager/main/alter-list.json

[ComfyUI-Manager] default cache updated: https://raw.githubusercontent.com/ltdrdata/ComfyUI-Manager/main/model-list.json

15:20:12.199 > [ComfyUI-Manager] default cache updated: https://raw.githubusercontent.com/ltdrdata/ComfyUI-Manager/main/model-list.json

[ComfyUI-Manager] default cache updated: https://raw.githubusercontent.com/ltdrdata/ComfyUI-Manager/main/github-stats.json

15:20:12.231 > [ComfyUI-Manager] default cache updated: https://raw.githubusercontent.com/ltdrdata/ComfyUI-Manager/main/github-stats.json

[ComfyUI-Manager] default cache updated: https://raw.githubusercontent.com/ltdrdata/ComfyUI-Manager/main/extension-node-map.json

15:20:12.304 > [ComfyUI-Manager] default cache updated: https://raw.githubusercontent.com/ltdrdata/ComfyUI-Manager/main/extension-node-map.json

[ComfyUI-Manager] default cache updated: https://raw.githubusercontent.com/ltdrdata/ComfyUI-Manager/main/custom-node-list.json

15:20:12.349 > [ComfyUI-Manager] default cache updated: https://raw.githubusercontent.com/ltdrdata/ComfyUI-Manager/main/custom-node-list.json

Context impl SQLiteImpl.
Will assume non-transactional DDL.

15:20:12.558 > Context impl SQLiteImpl.
Will assume non-transactional DDL.

No target revision found.

15:20:12.560 > No target revision found.

Starting server


15:20:12.576 > Starting server


To see the GUI go to: http://127.0.0.1:8188

15:20:12.578 > To see the GUI go to: http://127.0.0.1:8188

15:20:13.107 > Python server is ready
15:20:13.108 > Queueing event comfyui:server_start_end with properties null
FETCH ComfyRegistry Data: 5/91

15:20:16.152 > FETCH ComfyRegistry Data: 5/91

FETCH ComfyRegistry Data: 10/91

15:20:20.426 > FETCH ComfyRegistry Data: 10/91

FETCH ComfyRegistry Data: 15/91

15:20:24.656 > FETCH ComfyRegistry Data: 15/91

15:20:26.960 > @todesktop/runtime: alwaysResolve: Promise timed out after 30000ms
15:20:27.166 > @todesktop/runtime: AutoUpdater: Setting up UpdaterAgent
15:20:27.166 > @todesktop/runtime: AutoUpdater: UpdaterAgent: UpdaterAgent: _uninstallSquirrelWindowsAppIfItExists()
15:20:27.166 > @todesktop/runtime: AutoUpdater: UpdaterAgent: UpdaterAgent: Does Squirrel.Windows uninstall marker exist? false C:\Users\vitensenteret_ml3\AppData\Local\@comfyorg\comfyui-electron\.shouldUninstall
15:20:27.166 > @todesktop/runtime: AutoUpdater: checking for update on interval
15:20:27.166 > @todesktop/runtime: AutoUpdater: checking for update on launch
15:20:27.166 > @todesktop/runtime: AutoUpdater: _check called {
source: 'auto-check-on-launch',
pendingCheckSources: [ 'auto-check-on-launch' ]
}
15:20:27.167 > @todesktop/runtime: AutoUpdater: _actuallyPerformCheck called
15:20:27.167 > @todesktop/runtime: Checking for update
15:20:27.167 > @todesktop/runtime: AutoUpdater: checking-for-update
15:20:28.029 > @todesktop/runtime: Update for version 0.4.55 is not available (latest version: 0.4.55, downgrade is allowed).
15:20:28.029 > @todesktop/runtime: AutoUpdater: update-not-available {
version: '0.4.55',
files: [
{
url: 'ComfyUI Setup 0.4.55 - Build 250708fuy67r2wn-x64.exe',
sha512: 'DytLjXRkQn87uHNaAgTu3Y0ae1BuCIEOps9Jo/jFnufRQ56O6Up9t56UeP1zY+MyG9B3oJSQ71yd1SQofV5oAw==',
size: 114843200
}
],
path: 'ComfyUI Setup 0.4.55 - Build 250708fuy67r2wn-x64.exe',
sha512: 'DytLjXRkQn87uHNaAgTu3Y0ae1BuCIEOps9Jo/jFnufRQ56O6Up9t56UeP1zY+MyG9B3oJSQ71yd1SQofV5oAw==',
releaseDate: '2025-07-08T19:31:08.967Z'
}
15:20:28.030 > @todesktop/runtime: AutoUpdater: UpdaterAgent: UpdaterAgent: Analysing autoUpdater.checkForUpdates result {
currentVersion: '0.4.55',
latestVersion: '0.4.55',
updateInfo: {
version: '0.4.55',
files: [ [Object] ],
path: 'ComfyUI Setup 0.4.55 - Build 250708fuy67r2wn-x64.exe',
sha512: 'DytLjXRkQn87uHNaAgTu3Y0ae1BuCIEOps9Jo/jFnufRQ56O6Up9t56UeP1zY+MyG9B3oJSQ71yd1SQofV5oAw==',
releaseDate: '2025-07-08T19:31:08.967Z'
}
}
15:20:28.030 > @todesktop/runtime: AutoUpdater: No update available
FETCH ComfyRegistry Data: 20/91

15:20:28.761 > FETCH ComfyRegistry Data: 20/91

FETCH ComfyRegistry Data: 25/91

15:20:32.853 > FETCH ComfyRegistry Data: 25/91

FETCH ComfyRegistry Data: 30/91

15:20:36.927 > FETCH ComfyRegistry Data: 30/91

FETCH ComfyRegistry Data: 35/91

15:20:41.458 > FETCH ComfyRegistry Data: 35/91

FETCH ComfyRegistry Data: 40/91

15:20:45.689 > FETCH ComfyRegistry Data: 40/91

FETCH ComfyRegistry Data: 45/91
15:20:49.851 > FETCH ComfyRegistry Data: 45/91


15:20:49.853 >

FETCH ComfyRegistry Data: 50/91

15:20:53.960 > FETCH ComfyRegistry Data: 50/91

FETCH ComfyRegistry Data: 55/91

15:20:58.302 > FETCH ComfyRegistry Data: 55/91

FETCH ComfyRegistry Data: 60/91

15:21:02.472 > FETCH ComfyRegistry Data: 60/91

FETCH ComfyRegistry Data: 65/91

15:21:06.764 > FETCH ComfyRegistry Data: 65/91

FETCH ComfyRegistry Data: 70/91

15:21:11.042 > FETCH ComfyRegistry Data: 70/91

FETCH ComfyRegistry Data: 75/91

15:21:15.839 > FETCH ComfyRegistry Data: 75/91

FETCH ComfyRegistry Data: 80/91

15:21:20.866 > FETCH ComfyRegistry Data: 80/91

FETCH ComfyRegistry Data: 85/91

15:21:24.859 > FETCH ComfyRegistry Data: 85/91

FETCH ComfyRegistry Data: 90/91

15:21:28.970 > FETCH ComfyRegistry Data: 90/91

FETCH ComfyRegistry Data [DONE]

15:21:30.350 > FETCH ComfyRegistry Data [DONE]

[ComfyUI-Manager] default cache updated: https://api.comfy.org/nodes

15:21:30.441 > [ComfyUI-Manager] default cache updated: https://api.comfy.org/nodes

nightly_channel:
https://raw.githubusercontent.com/ltdrdata/ComfyUI-Manager/main/remote

15:21:30.508 > nightly_channel:
https://raw.githubusercontent.com/ltdrdata/ComfyUI-Manager/main/remote

FETCH DATA from: https://raw.githubusercontent.com/ltdrdata/ComfyUI-Manager/main/custom-node-list.json
15:21:30.510 > FETCH DATA from: https://raw.githubusercontent.com/ltdrdata/ComfyUI-Manager/main/custom-node-list.json
[DONE]

15:21:30.676 >  [DONE]

[ComfyUI-Manager] All startup tasks have been completed.

15:21:30.722 > [ComfyUI-Manager] All startup tasks have been completed.

got prompt

15:22:14.754 > got prompt

model_path is C:\AI Demos\ComfyUI\custom_nodes\comfyui_controlnet_aux\ckpts\TheMistoAI\MistoLine\Anyline\MTEED.pth

15:22:15.447 > model_path is C:\AI Demos\ComfyUI\custom_nodes\comfyui_controlnet_aux\ckpts\TheMistoAI\MistoLine\Anyline\MTEED.pth

model weight dtype torch.float16, manual cast: None

15:22:18.652 > model weight dtype torch.float16, manual cast: None

model_type EPS

15:22:18.655 > model_type EPS

Using xformers attention in VAE

15:22:20.753 > Using xformers attention in VAE

Using xformers attention in VAE

15:22:20.755 > Using xformers attention in VAE

VAE load device: cuda:0, offload device: cpu, dtype: torch.bfloat16

15:22:21.041 > VAE load device: cuda:0, offload device: cpu, dtype: torch.bfloat16

CLIP/text encoder model load device: cuda:0, offload device: cpu, current: cpu, dtype: torch.float16

15:22:21.202 > CLIP/text encoder model load device: cuda:0, offload device: cpu, current: cpu, dtype: torch.float16

Requested to load SD1ClipModel

15:22:21.915 > Requested to load SD1ClipModel

loaded completely 3708.8 235.84423828125 True

15:22:22.155 > loaded completely 3708.8 235.84423828125 True

----------------------------------------

15:22:22.571 > ----------------------------------------

[36mEfficient Loader Models Cache:[0m
Ckpt:
[1] dreamshaper_8LCM

15:22:22.573 > [36mEfficient Loader Models Cache:[0m
Ckpt:
[1] dreamshaper_8LCM

[33mINFO: Clip Vision model loaded from C:\AI Demos\ComfyUI\models\clip_vision\CLIP-ViT-H-14-laion2B-s32B-b79K.safetensors[0m

15:22:25.602 > [33mINFO: Clip Vision model loaded from C:\AI Demos\ComfyUI\models\clip_vision\CLIP-ViT-H-14-laion2B-s32B-b79K.safetensors[0m

[33mINFO: IPAdapter model loaded from C:\AI Demos\ComfyUI\models\ipadapter\ip-adapter-faceid-plusv2_sd15.bin[0m

15:22:25.823 > [33mINFO: IPAdapter model loaded from C:\AI Demos\ComfyUI\models\ipadapter\ip-adapter-faceid-plusv2_sd15.bin[0m

[33mINFO: LoRA model loaded from C:\AI Demos\ComfyUI\models\loras\ipadapter\ip-adapter-faceid-plusv2_sd15_lora.safetensors[0m

15:22:25.903 > [33mINFO: LoRA model loaded from C:\AI Demos\ComfyUI\models\loras\ipadapter\ip-adapter-faceid-plusv2_sd15_lora.safetensors[0m

Applied providers: ['CPUExecutionProvider'], with options: {'CPUExecutionProvider': {}}

15:22:27.363 > Applied providers: ['CPUExecutionProvider'], with options: {'CPUExecutionProvider': {}}

find model:
15:22:27.597 > find model:
C:\AI Demos\ComfyUI\models\insightface\models\buffalo_l\1k3d68.onnx landmark_3d_68 ['None', 3, 192, 192]
15:22:27.599 >  C:\AI Demos\ComfyUI\models\insightface\models\buffalo_l\1k3d68.onnx landmark_3d_68 ['None', 3, 192, 192]
0.0 1.0

15:22:27.601 > 0.0 1.0

Applied providers: ['CPUExecutionProvider'], with options: {'CPUExecutionProvider': {}}
15:22:27.636 > Applied providers: ['CPUExecutionProvider'], with options: {'CPUExecutionProvider': {}}


15:22:27.637 >

find model:
15:22:27.645 > find model:
C:\AI Demos\ComfyUI\models\insightface\models\buffalo_l\2d106det.onnx landmark_2d_106 ['None', 3, 192, 192]
15:22:27.646 >  C:\AI Demos\ComfyUI\models\insightface\models\buffalo_l\2d106det.onnx landmark_2d_106 ['None', 3, 192, 192]
0.0 1.0

15:22:27.650 > 0.0 1.0

Applied providers: ['CPUExecutionProvider'], with options: {'CPUExecutionProvider': {}}
15:22:27.716 > Applied providers: ['CPUExecutionProvider'], with options: {'CPUExecutionProvider': {}}

find model: C:\AI Demos\ComfyUI\models\insightface\models\buffalo_l\det_10g.onnx detection
15:22:27.717 >
find model: C:\AI Demos\ComfyUI\models\insightface\models\buffalo_l\det_10g.onnx detection
[1, 3, '?', '?'] 127.5 128.0
15:22:27.718 > [1, 3, '?', '?'] 127.5 128.0


15:22:27.719 >

Applied providers: ['CPUExecutionProvider'], with options: {'CPUExecutionProvider': {}}
15:22:27.735 > Applied providers: ['CPUExecutionProvider'], with options: {'CPUExecutionProvider': {}}


15:22:27.737 >

find model: C:\AI Demos\ComfyUI\models\insightface\models\buffalo_l\genderage.onnx
15:22:27.739 > find model: C:\AI Demos\ComfyUI\models\insightface\models\buffalo_l\genderage.onnx
genderage ['None', 3, 96, 96]
15:22:27.740 >  genderage ['None', 3, 96, 96]
0.0 1.0

15:22:27.741 > 0.0 1.0

Applied providers: ['CPUExecutionProvider'], with options: {'CPUExecutionProvider': {}}

15:22:28.235 > Applied providers: ['CPUExecutionProvider'], with options: {'CPUExecutionProvider': {}}

find model:
15:22:28.529 > find model:
C:\AI Demos\ComfyUI\models\insightface\models\buffalo_l\w600k_r50.onnx recognition ['None', 3, 112, 112] 127.5 127.5
set det-size:
15:22:28.531 >  C:\AI Demos\ComfyUI\models\insightface\models\buffalo_l\w600k_r50.onnx recognition ['None', 3, 112, 112] 127.5 127.5
set det-size:
(640, 640)
[33mINFO: InsightFace model loaded with CPU provider[0m
[33mINFO: the IPAdapter reference image is not a square, CLIPImageProcessor will resize and crop it at the center. If the main focus of the picture is not in the middle the result might not be what you are expecting.[0m
15:22:28.532 >  (640, 640)
[33mINFO: InsightFace model loaded with CPU provider[0m
[33mINFO: the IPAdapter reference image is not a square, CLIPImageProcessor will resize and crop it at the center. If the main focus of the picture is not in the middle the result might not be what you are expecting.[0m


15:22:28.534 >

Requested to load CLIPVisionModelProjection

15:22:28.906 > Requested to load CLIPVisionModelProjection

loaded completely 3432.954781341553 1208.09814453125 True

15:22:29.422 > loaded completely 3432.954781341553 1208.09814453125 True

Requested to load ControlNet

15:22:30.511 > Requested to load ControlNet

Requested to load BaseModel

15:22:30.513 > Requested to load BaseModel

loaded completely 2564.262284088135 689.0852355957031 True

15:22:30.862 > loaded completely 2564.262284088135 689.0852355957031 True

loaded completely 1875.1770484924316 1639.406135559082 True

15:22:31.656 > loaded completely 1875.1770484924316 1639.406135559082 True


0%|          | 0/30 [00:00<?, ?it/s]
15:22:31.771 >
0%|          | 0/30 [00:00<?, ?it/s]

3%|▎         | 1/30 [00:00<00:25,  1.13it/s]
15:22:32.659 >
3%|▎         | 1/30 [00:00<00:25,  1.13it/s]

7%|▋         | 2/30 [00:01<00:20,  1.38it/s]
15:22:33.272 >
7%|▋         | 2/30 [00:01<00:20,  1.38it/s]

10%|█         | 3/30 [00:02<00:18,  1.49it/s]
15:22:33.874 >
10%|█         | 3/30 [00:02<00:18,  1.49it/s]

13%|█▎        | 4/30 [00:02<00:16,  1.56it/s]
15:22:34.476 >
13%|█▎        | 4/30 [00:02<00:16,  1.56it/s]

17%|█▋        | 5/30 [00:03<00:15,  1.60it/s]
15:22:35.073 >
17%|█▋        | 5/30 [00:03<00:15,  1.60it/s]

20%|██        | 6/30 [00:03<00:14,  1.62it/s]
15:22:35.670 >
20%|██        | 6/30 [00:03<00:14,  1.62it/s]

23%|██▎       | 7/30 [00:04<00:14,  1.63it/s]
15:22:36.274 >
23%|██▎       | 7/30 [00:04<00:14,  1.63it/s]

27%|██▋       | 8/30 [00:05<00:13,  1.64it/s]
15:22:36.880 >
27%|██▋       | 8/30 [00:05<00:13,  1.64it/s]

30%|███       | 9/30 [00:05<00:12,  1.64it/s]
15:22:37.485 >
30%|███       | 9/30 [00:05<00:12,  1.64it/s]

33%|███▎      | 10/30 [00:06<00:12,  1.65it/s]
15:22:38.084 >
33%|███▎      | 10/30 [00:06<00:12,  1.65it/s]

37%|███▋      | 11/30 [00:06<00:11,  1.65it/s]
15:22:38.685 >
37%|███▋      | 11/30 [00:06<00:11,  1.65it/s]

40%|████      | 12/30 [00:07<00:10,  1.66it/s]
15:22:39.284 >
40%|████      | 12/30 [00:07<00:10,  1.66it/s]

43%|████▎     | 13/30 [00:08<00:10,  1.66it/s]
15:22:39.887 >
43%|████▎     | 13/30 [00:08<00:10,  1.66it/s]

47%|████▋     | 14/30 [00:08<00:09,  1.66it/s]
15:22:40.490 >
47%|████▋     | 14/30 [00:08<00:09,  1.66it/s]

50%|█████     | 15/30 [00:09<00:09,  1.66it/s]
15:22:41.090 >
50%|█████     | 15/30 [00:09<00:09,  1.66it/s]

53%|█████▎    | 16/30 [00:09<00:08,  1.66it/s]
15:22:41.692 >
53%|█████▎    | 16/30 [00:09<00:08,  1.66it/s]

57%|█████▋    | 17/30 [00:10<00:07,  1.66it/s]
15:22:42.294 >
57%|█████▋    | 17/30 [00:10<00:07,  1.66it/s]

60%|██████    | 18/30 [00:11<00:07,  1.66it/s]
15:22:42.899 >
60%|██████    | 18/30 [00:11<00:07,  1.66it/s]

63%|██████▎   | 19/30 [00:11<00:06,  1.66it/s]
15:22:43.502 >
63%|██████▎   | 19/30 [00:11<00:06,  1.66it/s]

67%|██████▋   | 20/30 [00:12<00:06,  1.67it/s]
15:22:44.095 >
67%|██████▋   | 20/30 [00:12<00:06,  1.67it/s]

70%|███████   | 21/30 [00:12<00:05,  1.67it/s]
15:22:44.690 >
70%|███████   | 21/30 [00:12<00:05,  1.67it/s]

73%|███████▎  | 22/30 [00:13<00:04,  1.67it/s]
15:22:45.286 >
73%|███████▎  | 22/30 [00:13<00:04,  1.67it/s]

77%|███████▋  | 23/30 [00:14<00:04,  1.67it/s]
15:22:45.887 >
77%|███████▋  | 23/30 [00:14<00:04,  1.67it/s]

80%|████████  | 24/30 [00:14<00:03,  1.67it/s]
15:22:46.486 >
80%|████████  | 24/30 [00:14<00:03,  1.67it/s]

83%|████████▎ | 25/30 [00:15<00:02,  1.67it/s]
15:22:47.086 >
83%|████████▎ | 25/30 [00:15<00:02,  1.67it/s]

87%|████████▋ | 26/30 [00:15<00:02,  1.67it/s]
15:22:47.681 >
87%|████████▋ | 26/30 [00:15<00:02,  1.67it/s]

90%|█████████ | 27/30 [00:16<00:01,  1.68it/s]
15:22:48.275 >
90%|█████████ | 27/30 [00:16<00:01,  1.68it/s]

93%|█████████▎| 28/30 [00:17<00:01,  1.68it/s]
15:22:48.871 >
93%|█████████▎| 28/30 [00:17<00:01,  1.68it/s]

97%|█████████▋| 29/30 [00:17<00:00,  1.68it/s]
15:22:49.469 >
97%|█████████▋| 29/30 [00:17<00:00,  1.68it/s]

100%|██████████| 30/30 [00:18<00:00,  1.67it/s]
15:22:50.067 >
100%|██████████| 30/30 [00:18<00:00,  1.67it/s]

100%|██████████| 30/30 [00:18<00:00,  1.64it/s]

15:22:50.069 >
100%|██████████| 30/30 [00:18<00:00,  1.64it/s]

Requested to load AutoencoderKL

15:22:50.071 > Requested to load AutoencoderKL

loaded completely 177.52007293701172 159.55708122253418 True

15:22:50.446 > loaded completely 177.52007293701172 159.55708122253418 True

Prompt executed in 38.41 seconds

15:22:53.168 > Prompt executed in 38.41 seconds

got prompt

15:23:37.514 > got prompt

model_path is C:\AI Demos\ComfyUI\custom_nodes\comfyui_controlnet_aux\ckpts\TheMistoAI\MistoLine\Anyline\MTEED.pth
15:23:37.612 > model_path is C:\AI Demos\ComfyUI\custom_nodes\comfyui_controlnet_aux\ckpts\TheMistoAI\MistoLine\Anyline\MTEED.pth


15:23:37.615 >

Requested to load SD1ClipModel

15:23:38.612 > Requested to load SD1ClipModel

loaded completely 1279.8264682769775 235.84423828125 True

15:23:38.696 > loaded completely 1279.8264682769775 235.84423828125 True

----------------------------------------
15:23:38.798 > ----------------------------------------

[36mEfficient Loader Models Cache:[0m
Ckpt:

15:23:38.799 >
[36mEfficient Loader Models Cache:[0m
Ckpt:

[1] dreamshaper_8LCM

15:23:38.800 >   [1] dreamshaper_8LCM

[33mINFO: the IPAdapter reference image is not a square, CLIPImageProcessor will resize and crop it at the center. If the main focus of the picture is not in the middle the result might not be what you are expecting.[0m
15:23:38.835 > [33mINFO: the IPAdapter reference image is not a square, CLIPImageProcessor will resize and crop it at the center. If the main focus of the picture is not in the middle the result might not be what you are expecting.[0m


15:23:38.839 >

Requested to load CLIPVisionModelProjection

15:23:39.478 > Requested to load CLIPVisionModelProjection

loaded completely 1336.7095211029052 1208.09814453125 True

15:23:39.918 > loaded completely 1336.7095211029052 1208.09814453125 True

Requested to load BaseModel

15:23:40.824 > Requested to load BaseModel

loaded completely 2088.468827056885 1639.406135559082 True

15:23:41.993 > loaded completely 2088.468827056885 1639.406135559082 True

loaded completely 730.3294761657714 689.0852355957031 True

15:23:42.132 > loaded completely 730.3294761657714 689.0852355957031 True


0%|          | 0/30 [00:00<?, ?it/s]
15:23:42.138 >
0%|          | 0/30 [00:00<?, ?it/s]

3%|▎         | 1/30 [00:00<00:17,  1.65it/s]
15:23:42.746 >
3%|▎         | 1/30 [00:00<00:17,  1.65it/s]

7%|▋         | 2/30 [00:01<00:17,  1.63it/s]
15:23:43.360 >
7%|▋         | 2/30 [00:01<00:17,  1.63it/s]

10%|█         | 3/30 [00:01<00:16,  1.65it/s]
15:23:43.960 >
10%|█         | 3/30 [00:01<00:16,  1.65it/s]

13%|█▎        | 4/30 [00:02<00:15,  1.65it/s]
15:23:44.563 >
13%|█▎        | 4/30 [00:02<00:15,  1.65it/s]

17%|█▋        | 5/30 [00:03<00:15,  1.66it/s]
15:23:45.163 >
17%|█▋        | 5/30 [00:03<00:15,  1.66it/s]

20%|██        | 6/30 [00:03<00:14,  1.66it/s]
15:23:45.768 >
20%|██        | 6/30 [00:03<00:14,  1.66it/s]

23%|██▎       | 7/30 [00:04<00:13,  1.66it/s]
15:23:46.363 >
23%|██▎       | 7/30 [00:04<00:13,  1.66it/s]

27%|██▋       | 8/30 [00:04<00:13,  1.67it/s]
15:23:46.957 >
27%|██▋       | 8/30 [00:04<00:13,  1.67it/s]

30%|███       | 9/30 [00:05<00:12,  1.68it/s]
15:23:47.544 >
30%|███       | 9/30 [00:05<00:12,  1.68it/s]

33%|███▎      | 10/30 [00:05<00:11,  1.68it/s]
15:23:48.136 >
33%|███▎      | 10/30 [00:05<00:11,  1.68it/s]

37%|███▋      | 11/30 [00:06<00:11,  1.68it/s]
15:23:48.734 >
37%|███▋      | 11/30 [00:06<00:11,  1.68it/s]

40%|████      | 12/30 [00:07<00:10,  1.68it/s]
15:23:49.333 >
40%|████      | 12/30 [00:07<00:10,  1.68it/s]

43%|████▎     | 13/30 [00:07<00:10,  1.67it/s]
15:23:49.934 >
43%|████▎     | 13/30 [00:07<00:10,  1.67it/s]

47%|████▋     | 14/30 [00:08<00:09,  1.68it/s]
15:23:50.527 >
47%|████▋     | 14/30 [00:08<00:09,  1.68it/s]

50%|█████     | 15/30 [00:08<00:08,  1.68it/s]
15:23:51.124 >
50%|█████     | 15/30 [00:08<00:08,  1.68it/s]

53%|█████▎    | 16/30 [00:09<00:08,  1.68it/s]
15:23:51.716 >
53%|█████▎    | 16/30 [00:09<00:08,  1.68it/s]

57%|█████▋    | 17/30 [00:10<00:07,  1.68it/s]
15:23:52.309 >
57%|█████▋    | 17/30 [00:10<00:07,  1.68it/s]

60%|██████    | 18/30 [00:10<00:07,  1.68it/s]
15:23:52.904 >
60%|██████    | 18/30 [00:10<00:07,  1.68it/s]

63%|██████▎   | 19/30 [00:11<00:06,  1.68it/s]
15:23:53.500 >
63%|██████▎   | 19/30 [00:11<00:06,  1.68it/s]

67%|██████▋   | 20/30 [00:11<00:05,  1.68it/s]
15:23:54.094 >
67%|██████▋   | 20/30 [00:11<00:05,  1.68it/s]

70%|███████   | 21/30 [00:12<00:05,  1.68it/s]
15:23:54.692 >
70%|███████   | 21/30 [00:12<00:05,  1.68it/s]

73%|███████▎  | 22/30 [00:13<00:04,  1.67it/s]
15:23:55.294 >
73%|███████▎  | 22/30 [00:13<00:04,  1.67it/s]

77%|███████▋  | 23/30 [00:13<00:04,  1.67it/s]
15:23:55.897 >
77%|███████▋  | 23/30 [00:13<00:04,  1.67it/s]

80%|████████  | 24/30 [00:14<00:03,  1.67it/s]
15:23:56.491 >
80%|████████  | 24/30 [00:14<00:03,  1.67it/s]

83%|████████▎ | 25/30 [00:14<00:02,  1.68it/s]
15:23:57.083 >
83%|████████▎ | 25/30 [00:14<00:02,  1.68it/s]

87%|████████▋ | 26/30 [00:15<00:02,  1.68it/s]
15:23:57.679 >
87%|████████▋ | 26/30 [00:15<00:02,  1.68it/s]

90%|█████████ | 27/30 [00:16<00:01,  1.68it/s]
15:23:58.277 >
90%|█████████ | 27/30 [00:16<00:01,  1.68it/s]

93%|█████████▎| 28/30 [00:16<00:01,  1.67it/s]
15:23:58.878 >
93%|█████████▎| 28/30 [00:16<00:01,  1.67it/s]

97%|█████████▋| 29/30 [00:17<00:00,  1.67it/s]
15:23:59.476 >
97%|█████████▋| 29/30 [00:17<00:00,  1.67it/s]

100%|██████████| 30/30 [00:17<00:00,  1.68it/s]
15:24:00.069 >
100%|██████████| 30/30 [00:17<00:00,  1.68it/s]

100%|██████████| 30/30 [00:17<00:00,  1.67it/s]

15:24:00.071 >
100%|██████████| 30/30 [00:17<00:00,  1.67it/s]

Requested to load AutoencoderKL

15:24:00.072 > Requested to load AutoencoderKL

loaded completely 175.77495574951172 159.55708122253418 True

15:24:00.581 > loaded completely 175.77495574951172 159.55708122253418 True

Prompt executed in 25.58 seconds

15:24:03.098 > Prompt executed in 25.58 seconds

15:25:40.394 > App window closed.
15:25:40.412 > Quitting ComfyUI because window all closed
15:25:40.413 > Before-quit: Killing Python server
15:25:40.413 > Killing ComfyUI python server.
15:25:40.414 > Queueing event desktop:app_quit with properties { reason: {}, exitCode: 0 }
15:25:40.418 > Python process exited with code null and signal SIGTERM
