2025-07-17 12:46:30,806 - __main__ - INFO - [MAIN] Starting application with debug mode enabled.
2025-07-17 12:46:30,863 - gui_classes.gui_window.sleepscreen_window - INFO - [DEBUG][SleepScreenWindow] Entering __init__: args={'parent':<gui_classes.gui_manager.window_manager.WindowManager(0x55656389eef0) at 0x7f7da6d58980>}
2025-07-17 12:46:30,863 - gui_classes.gui_window.base_window - INFO - [DEBUG][BaseWindow] Entering __init__: args={'parent': <gui_classes.gui_manager.window_manager.WindowManager(0x55656389eef0) at 0x7f7da6d58980>}
2025-07-17 12:46:30,863 - gui_classes.gui_window.base_window - INFO - [DEBUG][BaseWindow] Entering setupcontainer: args={}
2025-07-17 12:46:30,863 - gui_classes.gui_window.base_window - INFO - [DEBUG][BaseWindow] Entering setup_logo: args={}
2025-07-17 12:46:31,022 - gui_classes.gui_window.base_window - INFO - [DEBUG][BaseWindow] Exiting setup_logo: return=<PySide6.QtWidgets.QWidget(0x556563a020a0) at 0x7f7d71d68580>
2025-07-17 12:46:31,024 - gui_classes.gui_window.base_window - INFO - [DEBUG][BaseWindow] Entering setup_interaction_btn: args={}
2025-07-17 12:46:31,030 - gui_classes.gui_window.base_window - INFO - [DEBUG][BaseWindow] Exiting setup_interaction_btn: return={widget}
2025-07-17 12:46:31,031 - gui_classes.gui_window.base_window - INFO - [DEBUG][BaseWindow] Exiting setupcontainer: return=None
2025-07-17 12:46:31,031 - gui_classes.gui_window.base_window - INFO - [DEBUG][BaseWindow] Entering setup_row_stretches: args={}
2025-07-17 12:46:31,031 - gui_classes.gui_window.base_window - INFO - [DEBUG][BaseWindow] Exiting setup_row_stretches: return=None
2025-07-17 12:46:31,031 - gui_classes.gui_window.base_window - INFO - [DEBUG][BaseWindow] Exiting __init__: return=None
2025-07-17 12:46:31,034 - gui_classes.gui_window.base_window - INFO - [DEBUG][BaseWindow] Entering setup_buttons: args={'style1_names': ['camera'], 'style2_names': [], 'slot_style1': on_camera_button_clicked, 'slot_style2': None}
2025-07-17 12:46:31,034 - gui_classes.gui_window.base_window - INFO - [DEBUG][BaseWindow] Entering clear_buttons: args={}
2025-07-17 12:46:31,034 - gui_classes.gui_window.base_window - INFO - [DEBUG][BaseWindow] Exiting clear_buttons: return=None
2025-07-17 12:46:31,041 - gui_classes.gui_window.base_window - INFO - [DEBUG][BaseWindow] Exiting setup_buttons: return=None
2025-07-17 12:46:31,042 - gui_classes.gui_window.sleepscreen_window - INFO - [DEBUG][SleepScreenWindow] Entering update_language: args={}
2025-07-17 12:46:31,044 - gui_classes.gui_window.sleepscreen_window - INFO - [DEBUG][SleepScreenWindow] Exiting update_language: return=None
2025-07-17 12:46:31,044 - gui_classes.gui_window.sleepscreen_window - INFO - [DEBUG][SleepScreenWindow] Exiting __init__: return=None
2025-07-17 12:46:31,044 - gui_classes.gui_window.base_window - INFO - [DEBUG][BaseWindow] Entering __init__: args={'parent': <gui_classes.gui_manager.window_manager.WindowManager(0x55656389eef0) at 0x7f7da6d58980>}
2025-07-17 12:46:31,044 - gui_classes.gui_window.base_window - INFO - [DEBUG][BaseWindow] Entering setupcontainer: args={}
2025-07-17 12:46:31,044 - gui_classes.gui_window.base_window - INFO - [DEBUG][BaseWindow] Entering setup_logo: args={}
2025-07-17 12:46:31,203 - gui_classes.gui_window.base_window - INFO - [DEBUG][BaseWindow] Exiting setup_logo: return=<PySide6.QtWidgets.QWidget(0x556563d5f5a0) at 0x7f7d71d6b240>
2025-07-17 12:46:31,205 - gui_classes.gui_window.base_window - INFO - [DEBUG][BaseWindow] Entering setup_interaction_btn: args={}
2025-07-17 12:46:31,211 - gui_classes.gui_window.base_window - INFO - [DEBUG][BaseWindow] Exiting setup_interaction_btn: return={widget}
2025-07-17 12:46:31,211 - gui_classes.gui_window.base_window - INFO - [DEBUG][BaseWindow] Exiting setupcontainer: return=None
2025-07-17 12:46:31,211 - gui_classes.gui_window.base_window - INFO - [DEBUG][BaseWindow] Entering setup_row_stretches: args={}
2025-07-17 12:46:31,212 - gui_classes.gui_window.base_window - INFO - [DEBUG][BaseWindow] Exiting setup_row_stretches: return=None
2025-07-17 12:46:31,212 - gui_classes.gui_window.base_window - INFO - [DEBUG][BaseWindow] Exiting __init__: return=None
2025-07-17 12:46:31,367 - gui_classes.gui_window.sleepscreen_window - INFO - [DEBUG][SleepScreenWindow] Entering resizeEvent: args={'event':<PySide6.QtGui.QResizeEvent(951, 768, non-spontaneous)>}
2025-07-17 12:46:31,367 - gui_classes.gui_window.sleepscreen_window - INFO - [DEBUG][SleepScreenWindow] Exiting resizeEvent: return=None
2025-07-17 12:46:31,374 - gui_classes.gui_window.sleepscreen_window - INFO - [DEBUG][SleepScreenWindow] Entering showEvent: args={'event':<PySide6.QtCore.QEvent(QEvent::Show)>}
2025-07-17 12:46:31,374 - gui_classes.gui_window.sleepscreen_window - INFO - [DEBUG][SleepScreenWindow] Exiting showEvent: return=None
2025-07-17 12:46:31,486 - gui_classes.gui_window.sleepscreen_window - INFO - [DEBUG][SleepScreenWindow] Entering resizeEvent: args={'event':<PySide6.QtGui.QResizeEvent(2560, 1440, non-spontaneous)>}
2025-07-17 12:46:31,486 - gui_classes.gui_window.sleepscreen_window - INFO - [DEBUG][SleepScreenWindow] Exiting resizeEvent: return=None
2025-07-17 12:46:35,501 - gui_classes.gui_window.sleepscreen_window - INFO - [DEBUG][SleepScreenWindow] Entering on_camera_button_clicked: args={}
2025-07-17 12:46:35,501 - gui_classes.gui_window.main_window - INFO - [MainWindow] Calling preset on background_manager
2025-07-17 12:46:35,501 - gui_classes.gui_window.sleepscreen_window - INFO - [DEBUG][SleepScreenWindow] Entering on_leave: args={}
2025-07-17 12:46:35,502 - gui_classes.gui_window.base_window - INFO - [BaseWindow] on_leave called, cleaning overlays.
2025-07-17 12:46:35,502 - gui_classes.gui_window.base_window - INFO - [BaseWindow] clean_all_overlays called, cleaning overlays.
2025-07-17 12:46:35,502 - gui_classes.gui_window.sleepscreen_window - INFO - [DEBUG][SleepScreenWindow] Exiting on_leave: return=None
2025-07-17 12:46:35,502 - gui_classes.gui_window.sleepscreen_window - INFO - [DEBUG][SleepScreenWindow] Entering hideEvent: args={'event':<PySide6.QtCore.QEvent(QEvent::Hide)>}
2025-07-17 12:46:35,502 - gui_classes.gui_window.sleepscreen_window - INFO - [DEBUG][SleepScreenWindow] Exiting hideEvent: return=None
2025-07-17 12:46:35,516 - gui_classes.gui_window.base_window - INFO - [DEBUG][BaseWindow] Entering clear_display: args={}
2025-07-17 12:46:35,516 - gui_classes.gui_window.base_window - INFO - [DEBUG][BaseWindow] Exiting clear_display: return=None
2025-07-17 12:46:35,517 - gui_classes.gui_window.base_window - INFO - [DEBUG][BaseWindow] Entering setup_buttons: args={'style1_names': ['take_selfie'], 'style2_names': [('clay', 'style.clay'), ('comic', 'style.comic'), ('oil paint', 'style.oil paint'), ('statue', 'style.statue')], 'slot_style1': <bound method MainWindow.take_selfie of <gui_classes.gui_window.main_window.MainWindow(0x55656397e530) at 0x7f7da6c9d640>>, 'slot_style2': <function MainWindow.set_state_default.<locals>.<lambda> at 0x7f7d556c2b00>}
2025-07-17 12:46:35,517 - gui_classes.gui_window.base_window - INFO - [DEBUG][BaseWindow] Entering clear_buttons: args={}
2025-07-17 12:46:35,517 - gui_classes.gui_window.base_window - INFO - [DEBUG][BaseWindow] Exiting clear_buttons: return=None
2025-07-17 12:46:35,662 - gui_classes.gui_window.base_window - INFO - [DEBUG][BaseWindow] Exiting setup_buttons: return=None
2025-07-17 12:46:35,671 - gui_classes.gui_window.sleepscreen_window - INFO - [DEBUG][SleepScreenWindow] Exiting on_camera_button_clicked: return=None
2025-07-17 12:46:36,858 - gui_classes.gui_window.base_window - INFO - [DEBUG][BaseWindow] Entering clear_display: args={}
2025-07-17 12:46:36,858 - gui_classes.gui_window.base_window - INFO - [DEBUG][BaseWindow] Exiting clear_display: return=None
2025-07-17 12:46:36,858 - gui_classes.gui_window.base_window - INFO - [DEBUG][BaseWindow] Entering setup_buttons: args={'style1_names': ['take_selfie'], 'style2_names': [('clay', 'style.clay'), ('comic', 'style.comic'), ('oil paint', 'style.oil paint'), ('statue', 'style.statue')], 'slot_style1': <bound method MainWindow.take_selfie of <gui_classes.gui_window.main_window.MainWindow(0x55656397e530) at 0x7f7da6c9d640>>, 'slot_style2': <function MainWindow.set_state_default.<locals>.<lambda> at 0x7f7d556c2ef0>}
2025-07-17 12:46:36,858 - gui_classes.gui_window.base_window - INFO - [DEBUG][BaseWindow] Entering clear_buttons: args={}
2025-07-17 12:46:36,916 - gui_classes.gui_window.base_window - INFO - [DEBUG][BaseWindow] Exiting clear_buttons: return=None
2025-07-17 12:46:37,045 - gui_classes.gui_window.base_window - INFO - [DEBUG][BaseWindow] Exiting setup_buttons: return=None
2025-07-17 12:50:37,000 - __main__ - INFO - [MAIN] Starting application with debug mode enabled.
2025-07-17 12:50:37,062 - gui_classes.gui_window.sleepscreen_window - INFO - [DEBUG][SleepScreenWindow] Entering __init__: args={'parent':<gui_classes.gui_manager.window_manager.WindowManager(0x55aa341eeb30) at 0x7fa91a4689c0>}
2025-07-17 12:50:37,062 - gui_classes.gui_window.base_window - INFO - [DEBUG][BaseWindow] Entering __init__: args={'parent': <gui_classes.gui_manager.window_manager.WindowManager(0x55aa341eeb30) at 0x7fa91a4689c0>}
2025-07-17 12:50:37,062 - gui_classes.gui_window.base_window - INFO - [DEBUG][BaseWindow] Entering setupcontainer: args={}
2025-07-17 12:50:37,062 - gui_classes.gui_window.base_window - INFO - [DEBUG][BaseWindow] Entering setup_logo: args={}
2025-07-17 12:50:37,222 - gui_classes.gui_window.base_window - INFO - [DEBUG][BaseWindow] Exiting setup_logo: return=<PySide6.QtWidgets.QWidget(0x55aa34366ba0) at 0x7fa8e5477c40>
2025-07-17 12:50:37,224 - gui_classes.gui_window.base_window - INFO - [DEBUG][BaseWindow] Entering setup_interaction_btn: args={}
2025-07-17 12:50:37,230 - gui_classes.gui_window.base_window - INFO - [DEBUG][BaseWindow] Exiting setup_interaction_btn: return={widget}
2025-07-17 12:50:37,231 - gui_classes.gui_window.base_window - INFO - [DEBUG][BaseWindow] Exiting setupcontainer: return=None
2025-07-17 12:50:37,231 - gui_classes.gui_window.base_window - INFO - [DEBUG][BaseWindow] Entering setup_row_stretches: args={}
2025-07-17 12:50:37,231 - gui_classes.gui_window.base_window - INFO - [DEBUG][BaseWindow] Exiting setup_row_stretches: return=None
2025-07-17 12:50:37,231 - gui_classes.gui_window.base_window - INFO - [DEBUG][BaseWindow] Exiting __init__: return=None
2025-07-17 12:50:37,234 - gui_classes.gui_window.base_window - INFO - [DEBUG][BaseWindow] Entering setup_buttons: args={'style1_names': ['camera'], 'style2_names': [], 'slot_style1': on_camera_button_clicked, 'slot_style2': None}
2025-07-17 12:50:37,235 - gui_classes.gui_window.base_window - INFO - [DEBUG][BaseWindow] Entering clear_buttons: args={}
2025-07-17 12:50:37,235 - gui_classes.gui_window.base_window - INFO - [DEBUG][BaseWindow] Exiting clear_buttons: return=None
2025-07-17 12:50:37,242 - gui_classes.gui_window.base_window - INFO - [DEBUG][BaseWindow] Exiting setup_buttons: return=None
2025-07-17 12:50:37,242 - gui_classes.gui_window.sleepscreen_window - INFO - [DEBUG][SleepScreenWindow] Entering update_language: args={}
2025-07-17 12:50:37,243 - gui_classes.gui_window.sleepscreen_window - INFO - [DEBUG][SleepScreenWindow] Exiting update_language: return=None
2025-07-17 12:50:37,243 - gui_classes.gui_window.sleepscreen_window - INFO - [DEBUG][SleepScreenWindow] Exiting __init__: return=None
2025-07-17 12:50:37,243 - gui_classes.gui_window.main_window - INFO - [DEBUG][MainWindow] Entering __init__: args={'parent':<gui_classes.gui_manager.window_manager.WindowManager(0x55aa341eeb30) at 0x7fa91a4689c0>}
2025-07-17 12:50:37,243 - gui_classes.gui_window.base_window - INFO - [DEBUG][BaseWindow] Entering __init__: args={'parent': <gui_classes.gui_manager.window_manager.WindowManager(0x55aa341eeb30) at 0x7fa91a4689c0>}
2025-07-17 12:50:37,244 - gui_classes.gui_window.base_window - INFO - [DEBUG][BaseWindow] Entering setupcontainer: args={}
2025-07-17 12:50:37,244 - gui_classes.gui_window.base_window - INFO - [DEBUG][BaseWindow] Entering setup_logo: args={}
2025-07-17 12:50:37,401 - gui_classes.gui_window.base_window - INFO - [DEBUG][BaseWindow] Exiting setup_logo: return=<PySide6.QtWidgets.QWidget(0x55aa33844480) at 0x7fa8e5496c80>
2025-07-17 12:50:37,402 - gui_classes.gui_window.base_window - INFO - [DEBUG][BaseWindow] Entering setup_interaction_btn: args={}
2025-07-17 12:50:37,407 - gui_classes.gui_window.base_window - INFO - [DEBUG][BaseWindow] Exiting setup_interaction_btn: return={widget}
2025-07-17 12:50:37,408 - gui_classes.gui_window.base_window - INFO - [DEBUG][BaseWindow] Exiting setupcontainer: return=None
2025-07-17 12:50:37,408 - gui_classes.gui_window.base_window - INFO - [DEBUG][BaseWindow] Entering setup_row_stretches: args={}
2025-07-17 12:50:37,408 - gui_classes.gui_window.base_window - INFO - [DEBUG][BaseWindow] Exiting setup_row_stretches: return=None
2025-07-17 12:50:37,408 - gui_classes.gui_window.base_window - INFO - [DEBUG][BaseWindow] Exiting __init__: return=None
2025-07-17 12:50:37,465 - gui_classes.gui_window.main_window - INFO - [DEBUG][MainWindow] Exiting update_frame: return=None
2025-07-17 12:50:37,466 - gui_classes.gui_window.main_window - INFO - [DEBUG][MainWindow] Exiting update_frame: return=None
2025-07-17 12:50:37,467 - gui_classes.gui_window.main_window - INFO - [DEBUG][MainWindow] Exiting __init__: return=None
2025-07-17 12:51:29,492 - __main__ - INFO - [MAIN] Starting application with debug mode enabled.
2025-07-17 12:51:29,548 - gui_classes.gui_window.sleepscreen_window - INFO - [DEBUG][SleepScreenWindow] Entering __init__: args={'parent':<gui_classes.gui_manager.window_manager.WindowManager(0x56229077da70) at 0x7f43a6d24ac0>}
2025-07-17 12:51:29,548 - gui_classes.gui_window.base_window - INFO - [DEBUG][BaseWindow] Entering __init__: args={'parent': <gui_classes.gui_manager.window_manager.WindowManager(0x56229077da70) at 0x7f43a6d24ac0>}
2025-07-17 12:51:29,548 - gui_classes.gui_window.base_window - INFO - [DEBUG][BaseWindow] Entering setupcontainer: args={}
2025-07-17 12:51:29,548 - gui_classes.gui_window.base_window - INFO - [DEBUG][BaseWindow] Entering setup_logo: args={}
2025-07-17 12:51:29,708 - gui_classes.gui_window.base_window - INFO - [DEBUG][BaseWindow] Exiting setup_logo: return=<PySide6.QtWidgets.QWidget(0x5622906525c0) at 0x7f4371cb00c0>
2025-07-17 12:51:29,710 - gui_classes.gui_window.base_window - INFO - [DEBUG][BaseWindow] Entering setup_interaction_btn: args={}
2025-07-17 12:51:29,716 - gui_classes.gui_window.base_window - INFO - [DEBUG][BaseWindow] Exiting setup_interaction_btn: return={widget}
2025-07-17 12:51:29,717 - gui_classes.gui_window.base_window - INFO - [DEBUG][BaseWindow] Exiting setupcontainer: return=None
2025-07-17 12:51:29,717 - gui_classes.gui_window.base_window - INFO - [DEBUG][BaseWindow] Entering setup_row_stretches: args={}
2025-07-17 12:51:29,717 - gui_classes.gui_window.base_window - INFO - [DEBUG][BaseWindow] Exiting setup_row_stretches: return=None
2025-07-17 12:51:29,717 - gui_classes.gui_window.base_window - INFO - [DEBUG][BaseWindow] Exiting __init__: return=None
2025-07-17 12:51:29,720 - gui_classes.gui_window.base_window - INFO - [DEBUG][BaseWindow] Entering setup_buttons: args={'style1_names': ['camera'], 'style2_names': [], 'slot_style1': on_camera_button_clicked, 'slot_style2': None}
2025-07-17 12:51:29,720 - gui_classes.gui_window.base_window - INFO - [DEBUG][BaseWindow] Entering clear_buttons: args={}
2025-07-17 12:51:29,720 - gui_classes.gui_window.base_window - INFO - [DEBUG][BaseWindow] Exiting clear_buttons: return=None
2025-07-17 12:51:29,728 - gui_classes.gui_window.base_window - INFO - [DEBUG][BaseWindow] Exiting setup_buttons: return=None
2025-07-17 12:51:29,728 - gui_classes.gui_window.sleepscreen_window - INFO - [DEBUG][SleepScreenWindow] Entering update_language: args={}
2025-07-17 12:51:29,729 - gui_classes.gui_window.sleepscreen_window - INFO - [DEBUG][SleepScreenWindow] Exiting update_language: return=None
2025-07-17 12:51:29,729 - gui_classes.gui_window.sleepscreen_window - INFO - [DEBUG][SleepScreenWindow] Exiting __init__: return=None
2025-07-17 12:51:29,729 - gui_classes.gui_window.main_window - INFO - [DEBUG][MainWindow] Entering __init__: args={'parent':<gui_classes.gui_manager.window_manager.WindowManager(0x56229077da70) at 0x7f43a6d24ac0>}
2025-07-17 12:51:29,729 - gui_classes.gui_window.base_window - INFO - [DEBUG][BaseWindow] Entering __init__: args={'parent': <gui_classes.gui_manager.window_manager.WindowManager(0x56229077da70) at 0x7f43a6d24ac0>}
2025-07-17 12:51:29,730 - gui_classes.gui_window.base_window - INFO - [DEBUG][BaseWindow] Entering setupcontainer: args={}
2025-07-17 12:51:29,730 - gui_classes.gui_window.base_window - INFO - [DEBUG][BaseWindow] Entering setup_logo: args={}
2025-07-17 12:51:29,887 - gui_classes.gui_window.base_window - INFO - [DEBUG][BaseWindow] Exiting setup_logo: return=<PySide6.QtWidgets.QWidget(0x562290b950e0) at 0x7f4371cb2e80>
2025-07-17 12:51:29,889 - gui_classes.gui_window.base_window - INFO - [DEBUG][BaseWindow] Entering setup_interaction_btn: args={}
2025-07-17 12:51:29,894 - gui_classes.gui_window.base_window - INFO - [DEBUG][BaseWindow] Exiting setup_interaction_btn: return={widget}
2025-07-17 12:51:29,895 - gui_classes.gui_window.base_window - INFO - [DEBUG][BaseWindow] Exiting setupcontainer: return=None
2025-07-17 12:51:29,895 - gui_classes.gui_window.base_window - INFO - [DEBUG][BaseWindow] Entering setup_row_stretches: args={}
2025-07-17 12:51:29,895 - gui_classes.gui_window.base_window - INFO - [DEBUG][BaseWindow] Exiting setup_row_stretches: return=None
2025-07-17 12:51:29,895 - gui_classes.gui_window.base_window - INFO - [DEBUG][BaseWindow] Exiting __init__: return=None
2025-07-17 12:51:29,950 - gui_classes.gui_window.main_window - INFO - [DEBUG][MainWindow] Exiting __init__: return=None
2025-07-17 12:51:39,009 - gui_classes.gui_window.sleepscreen_window - INFO - [DEBUG][SleepScreenWindow] Entering on_camera_button_clicked: args={}
2025-07-17 12:51:39,010 - gui_classes.gui_window.main_window - INFO - [MainWindow] Calling preset on background_manager
2025-07-17 12:51:39,010 - gui_classes.gui_window.sleepscreen_window - INFO - [DEBUG][SleepScreenWindow] Entering on_leave: args={}
2025-07-17 12:51:39,010 - gui_classes.gui_window.base_window - INFO - [BaseWindow] on_leave called, cleaning overlays.
2025-07-17 12:51:39,010 - gui_classes.gui_window.base_window - INFO - [BaseWindow] clean_all_overlays called, cleaning overlays.
2025-07-17 12:51:39,010 - gui_classes.gui_window.sleepscreen_window - INFO - [DEBUG][SleepScreenWindow] Exiting on_leave: return=None
2025-07-17 12:51:39,015 - gui_classes.gui_window.main_window - INFO - [DEBUG][MainWindow] Entering on_enter: args={}
2025-07-17 12:51:39,019 - gui_classes.gui_window.main_window - INFO - [DEBUG][MainWindow] Entering set_state_default: args={}
2025-07-17 12:51:39,022 - gui_classes.gui_window.main_window - INFO - [DEBUG][MainWindow] Entering reset_generation_state: args={}
2025-07-17 12:51:39,022 - gui_classes.gui_window.main_window - INFO - [DEBUG][MainWindow] Exiting reset_generation_state: return=None
2025-07-17 12:51:39,025 - gui_classes.gui_window.base_window - INFO - [DEBUG][BaseWindow] Entering clear_display: args={}
2025-07-17 12:51:39,025 - gui_classes.gui_window.base_window - INFO - [DEBUG][BaseWindow] Exiting clear_display: return=None
2025-07-17 12:51:39,025 - gui_classes.gui_window.base_window - INFO - [DEBUG][BaseWindow] Entering setup_buttons: args={'style1_names': ['take_selfie'], 'style2_names': [('clay', 'style.clay'), ('comic', 'style.comic'), ('oil paint', 'style.oil paint'), ('statue', 'style.statue')], 'slot_style1': <bound method MainWindow.take_selfie of <gui_classes.gui_window.main_window.MainWindow(0x5622909af140) at 0x7f4371cb2040>>, 'slot_style2': <function MainWindow.set_state_default.<locals>.<lambda> at 0x7f4355652b90>}
2025-07-17 12:51:39,025 - gui_classes.gui_window.base_window - INFO - [DEBUG][BaseWindow] Entering clear_buttons: args={}
2025-07-17 12:51:39,025 - gui_classes.gui_window.base_window - INFO - [DEBUG][BaseWindow] Exiting clear_buttons: return=None
2025-07-17 12:51:39,170 - gui_classes.gui_window.base_window - INFO - [DEBUG][BaseWindow] Exiting setup_buttons: return=None
2025-07-17 12:51:39,173 - gui_classes.gui_window.main_window - INFO - [DEBUG][MainWindow] Exiting set_state_default: return=None
2025-07-17 12:51:39,177 - gui_classes.gui_window.main_window - INFO - [DEBUG][MainWindow] Exiting on_enter: return=None
2025-07-17 12:51:39,180 - gui_classes.gui_window.sleepscreen_window - INFO - [DEBUG][SleepScreenWindow] Exiting on_camera_button_clicked: return=None
2025-07-17 12:54:21,795 - __main__ - INFO - [MAIN] Starting application with debug mode enabled.
2025-07-17 12:54:21,857 - gui_classes.gui_window.sleepscreen_window - INFO - [DEBUG][SleepScreenWindow] Entering __init__: args={'parent':<gui_classes.gui_manager.window_manager.WindowManager(0x561f635c25c0) at 0x7f78e3e64940>}
2025-07-17 12:54:21,857 - gui_classes.gui_window.base_window - INFO - [DEBUG][BaseWindow] Entering __init__: args={'parent': <gui_classes.gui_manager.window_manager.WindowManager(0x561f635c25c0) at 0x7f78e3e64940>}
2025-07-17 12:54:21,858 - gui_classes.gui_window.base_window - INFO - [DEBUG][BaseWindow] Entering setupcontainer: args={}
2025-07-17 12:54:21,858 - gui_classes.gui_window.base_window - INFO - [DEBUG][BaseWindow] Entering setup_logo: args={}
2025-07-17 12:54:22,017 - gui_classes.gui_window.base_window - INFO - [DEBUG][BaseWindow] Exiting setup_logo: return=<PySide6.QtWidgets.QWidget(0x561f6376f790) at 0x7f78aee6bf40>
2025-07-17 12:54:22,019 - gui_classes.gui_window.base_window - INFO - [DEBUG][BaseWindow] Entering setup_interaction_btn: args={}
2025-07-17 12:54:22,025 - gui_classes.gui_window.base_window - INFO - [DEBUG][BaseWindow] Exiting setup_interaction_btn: return={widget}
2025-07-17 12:54:22,026 - gui_classes.gui_window.base_window - INFO - [DEBUG][BaseWindow] Exiting setupcontainer: return=None
2025-07-17 12:54:22,026 - gui_classes.gui_window.base_window - INFO - [DEBUG][BaseWindow] Entering setup_row_stretches: args={}
2025-07-17 12:54:22,026 - gui_classes.gui_window.base_window - INFO - [DEBUG][BaseWindow] Exiting setup_row_stretches: return=None
2025-07-17 12:54:22,026 - gui_classes.gui_window.base_window - INFO - [DEBUG][BaseWindow] Exiting __init__: return=None
2025-07-17 12:54:22,029 - gui_classes.gui_window.base_window - INFO - [DEBUG][BaseWindow] Entering setup_buttons: args={'style1_names': ['camera'], 'style2_names': [], 'slot_style1': on_camera_button_clicked, 'slot_style2': None}
2025-07-17 12:54:22,029 - gui_classes.gui_window.base_window - INFO - [DEBUG][BaseWindow] Entering clear_buttons: args={}
2025-07-17 12:54:22,029 - gui_classes.gui_window.base_window - INFO - [DEBUG][BaseWindow] Exiting clear_buttons: return=None
2025-07-17 12:54:22,036 - gui_classes.gui_window.base_window - INFO - [DEBUG][BaseWindow] Exiting setup_buttons: return=None
2025-07-17 12:54:22,036 - gui_classes.gui_window.sleepscreen_window - INFO - [DEBUG][SleepScreenWindow] Entering update_language: args={}
2025-07-17 12:54:22,045 - gui_classes.gui_window.sleepscreen_window - INFO - [DEBUG][SleepScreenWindow] Exiting update_language: return=None
2025-07-17 12:54:22,045 - gui_classes.gui_window.sleepscreen_window - INFO - [DEBUG][SleepScreenWindow] Exiting __init__: return=None
2025-07-17 12:54:22,045 - gui_classes.gui_window.main_window - INFO - [DEBUG][MainWindow] Entering __init__: args={'parent':<gui_classes.gui_manager.window_manager.WindowManager(0x561f635c25c0) at 0x7f78e3e64940>}
2025-07-17 12:54:22,045 - gui_classes.gui_window.base_window - INFO - [DEBUG][BaseWindow] Entering __init__: args={'parent': <gui_classes.gui_manager.window_manager.WindowManager(0x561f635c25c0) at 0x7f78e3e64940>}
2025-07-17 12:54:22,045 - gui_classes.gui_window.base_window - INFO - [DEBUG][BaseWindow] Entering setupcontainer: args={}
2025-07-17 12:54:22,045 - gui_classes.gui_window.base_window - INFO - [DEBUG][BaseWindow] Entering setup_logo: args={}
2025-07-17 12:54:22,205 - gui_classes.gui_window.base_window - INFO - [DEBUG][BaseWindow] Exiting setup_logo: return=<PySide6.QtWidgets.QWidget(0x561f638e8b10) at 0x7f78aee86d00>
2025-07-17 12:54:22,207 - gui_classes.gui_window.base_window - INFO - [DEBUG][BaseWindow] Entering setup_interaction_btn: args={}
2025-07-17 12:54:22,212 - gui_classes.gui_window.base_window - INFO - [DEBUG][BaseWindow] Exiting setup_interaction_btn: return={widget}
2025-07-17 12:54:22,212 - gui_classes.gui_window.base_window - INFO - [DEBUG][BaseWindow] Exiting setupcontainer: return=None
2025-07-17 12:54:22,212 - gui_classes.gui_window.base_window - INFO - [DEBUG][BaseWindow] Entering setup_row_stretches: args={}
2025-07-17 12:54:22,213 - gui_classes.gui_window.base_window - INFO - [DEBUG][BaseWindow] Exiting setup_row_stretches: return=None
2025-07-17 12:54:22,213 - gui_classes.gui_window.base_window - INFO - [DEBUG][BaseWindow] Exiting __init__: return=None
2025-07-17 12:54:22,268 - gui_classes.gui_window.main_window - INFO - [DEBUG][MainWindow] Exiting __init__: return=None
2025-07-17 12:54:28,558 - gui_classes.gui_window.sleepscreen_window - INFO - [DEBUG][SleepScreenWindow] Entering on_camera_button_clicked: args={}
2025-07-17 12:54:28,558 - gui_classes.gui_window.main_window - INFO - [MainWindow] Calling preset on background_manager
2025-07-17 12:54:28,558 - gui_classes.gui_window.sleepscreen_window - INFO - [DEBUG][SleepScreenWindow] Entering on_leave: args={}
2025-07-17 12:54:28,559 - gui_classes.gui_window.base_window - INFO - [BaseWindow] on_leave called, cleaning overlays.
2025-07-17 12:54:28,559 - gui_classes.gui_window.base_window - INFO - [BaseWindow] clean_all_overlays called, cleaning overlays.
2025-07-17 12:54:28,559 - gui_classes.gui_window.sleepscreen_window - INFO - [DEBUG][SleepScreenWindow] Exiting on_leave: return=None
2025-07-17 12:54:28,577 - gui_classes.gui_window.main_window - INFO - [DEBUG][MainWindow] Entering on_enter: args={}
2025-07-17 12:54:28,581 - gui_classes.gui_window.main_window - INFO - [DEBUG][MainWindow] Entering set_state_default: args={}
2025-07-17 12:54:28,584 - gui_classes.gui_window.main_window - INFO - [DEBUG][MainWindow] Entering reset_generation_state: args={}
2025-07-17 12:54:28,584 - gui_classes.gui_window.main_window - INFO - [DEBUG][MainWindow] Exiting reset_generation_state: return=None
2025-07-17 12:54:28,588 - gui_classes.gui_window.base_window - INFO - [DEBUG][BaseWindow] Entering clear_display: args={}
2025-07-17 12:54:28,588 - gui_classes.gui_window.base_window - INFO - [DEBUG][BaseWindow] Exiting clear_display: return=None
2025-07-17 12:54:28,588 - gui_classes.gui_window.base_window - INFO - [DEBUG][BaseWindow] Entering setup_buttons: args={'style1_names': ['take_selfie'], 'style2_names': [('clay', 'style.clay'), ('comic', 'style.comic'), ('oil paint', 'style.oil paint'), ('statue', 'style.statue')], 'slot_style1': <bound method MainWindow.take_selfie of <gui_classes.gui_window.main_window.MainWindow(0x561f636f8200) at 0x7f78bac0dac0>>, 'slot_style2': <function MainWindow.set_state_default.<locals>.<lambda> at 0x7f78a579a9e0>}
2025-07-17 12:54:28,588 - gui_classes.gui_window.base_window - INFO - [DEBUG][BaseWindow] Entering clear_buttons: args={}
2025-07-17 12:54:28,588 - gui_classes.gui_window.base_window - INFO - [DEBUG][BaseWindow] Exiting clear_buttons: return=None
2025-07-17 12:54:28,742 - gui_classes.gui_window.base_window - INFO - [DEBUG][BaseWindow] Exiting setup_buttons: return=None
2025-07-17 12:54:28,746 - gui_classes.gui_window.main_window - INFO - [DEBUG][MainWindow] Exiting set_state_default: return=None
2025-07-17 12:54:28,749 - gui_classes.gui_window.main_window - INFO - [DEBUG][MainWindow] Exiting on_enter: return=None
2025-07-17 12:54:28,752 - gui_classes.gui_window.sleepscreen_window - INFO - [DEBUG][SleepScreenWindow] Exiting on_camera_button_clicked: return=None
2025-07-17 12:54:30,020 - gui_classes.gui_window.main_window - INFO - [DEBUG][MainWindow] Entering on_enter: args={}
2025-07-17 12:54:30,024 - gui_classes.gui_window.main_window - INFO - [DEBUG][MainWindow] Entering set_state_default: args={}
2025-07-17 12:54:30,027 - gui_classes.gui_window.main_window - INFO - [DEBUG][MainWindow] Entering reset_generation_state: args={}
2025-07-17 12:54:30,027 - gui_classes.gui_window.main_window - INFO - [DEBUG][MainWindow] Exiting reset_generation_state: return=None
2025-07-17 12:54:30,031 - gui_classes.gui_window.base_window - INFO - [DEBUG][BaseWindow] Entering clear_display: args={}
2025-07-17 12:54:30,031 - gui_classes.gui_window.base_window - INFO - [DEBUG][BaseWindow] Exiting clear_display: return=None
2025-07-17 12:54:30,031 - gui_classes.gui_window.base_window - INFO - [DEBUG][BaseWindow] Entering setup_buttons: args={'style1_names': ['take_selfie'], 'style2_names': [('clay', 'style.clay'), ('comic', 'style.comic'), ('oil paint', 'style.oil paint'), ('statue', 'style.statue')], 'slot_style1': <bound method MainWindow.take_selfie of <gui_classes.gui_window.main_window.MainWindow(0x561f636f8200) at 0x7f78bac0dac0>>, 'slot_style2': <function MainWindow.set_state_default.<locals>.<lambda> at 0x7f78a579add0>}
2025-07-17 12:54:30,031 - gui_classes.gui_window.base_window - INFO - [DEBUG][BaseWindow] Entering clear_buttons: args={}
2025-07-17 12:54:30,088 - gui_classes.gui_window.base_window - INFO - [DEBUG][BaseWindow] Exiting clear_buttons: return=None
2025-07-17 12:54:30,213 - gui_classes.gui_window.base_window - INFO - [DEBUG][BaseWindow] Exiting setup_buttons: return=None
2025-07-17 12:54:30,217 - gui_classes.gui_window.main_window - INFO - [DEBUG][MainWindow] Exiting set_state_default: return=None
2025-07-17 12:54:30,221 - gui_classes.gui_window.main_window - INFO - [DEBUG][MainWindow] Exiting on_enter: return=None
